2022-06-17 17:30:26 [INFO ] org.springframework.amqp.rabbit.RabbitListenerEndpointContainer#0-1 SmsReceiver.java:36 com.donghua.srb.sms.receiver.SmsReceiver 18016328021
2022-06-17 17:30:26 [INFO ] org.springframework.amqp.rabbit.RabbitListenerEndpointContainer#0-1 Assert.java:72 com.donghua.common.exception.Assert not equals...............
2022-06-17 17:30:26 [ERROR] org.springframework.amqp.rabbit.RabbitListenerEndpointContainer#0-1 SmsServiceImpl.java:77 com.donghua.srb.sms.service.impl.SmsServiceImpl Exception阿里云短信发送sdk调用失败：null, null
2022-06-17 17:30:26 [INFO ] org.springframework.amqp.rabbit.RabbitListenerEndpointContainer#0-1 SmsReceiver.java:32 com.donghua.srb.sms.receiver.SmsReceiver SmsReceiver 消息监听.....
2022-06-17 17:30:26 [INFO ] org.springframework.amqp.rabbit.RabbitListenerEndpointContainer#0-1 SmsReceiver.java:36 com.donghua.srb.sms.receiver.SmsReceiver 18016328021
2022-06-17 17:30:26 [INFO ] org.springframework.amqp.rabbit.RabbitListenerEndpointContainer#0-1 Assert.java:72 com.donghua.common.exception.Assert not equals...............
2022-06-17 17:30:26 [ERROR] org.springframework.amqp.rabbit.RabbitListenerEndpointContainer#0-1 SmsServiceImpl.java:77 com.donghua.srb.sms.service.impl.SmsServiceImpl Exception阿里云短信发送sdk调用失败：null, null
2022-06-17 17:30:26 [INFO ] org.springframework.amqp.rabbit.RabbitListenerEndpointContainer#0-1 SmsReceiver.java:32 com.donghua.srb.sms.receiver.SmsReceiver SmsReceiver 消息监听.....
2022-06-17 17:30:26 [INFO ] org.springframework.amqp.rabbit.RabbitListenerEndpointContainer#0-1 SmsReceiver.java:36 com.donghua.srb.sms.receiver.SmsReceiver 18016328021
2022-06-17 17:30:26 [INFO ] org.springframework.amqp.rabbit.RabbitListenerEndpointContainer#0-1 Assert.java:72 com.donghua.common.exception.Assert not equals...............
2022-06-17 17:30:26 [ERROR] org.springframework.amqp.rabbit.RabbitListenerEndpointContainer#0-1 SmsServiceImpl.java:77 com.donghua.srb.sms.service.impl.SmsServiceImpl Exception阿里云短信发送sdk调用失败：null, null
2022-06-17 17:31:05 [INFO ] main SpringApplication.java:655 com.donghua.srb.sms.ServiceSmsApplication The following profiles are active: dev
2022-06-17 17:31:14 [INFO ] org.springframework.amqp.rabbit.RabbitListenerEndpointContainer#0-1 SmsReceiver.java:32 com.donghua.srb.sms.receiver.SmsReceiver SmsReceiver 消息监听.....
2022-06-17 17:31:14 [INFO ] org.springframework.amqp.rabbit.RabbitListenerEndpointContainer#0-1 SmsReceiver.java:36 com.donghua.srb.sms.receiver.SmsReceiver 18016328021
2022-06-17 17:31:14 [INFO ] main StartupInfoLogger.java:61 com.donghua.srb.sms.ServiceSmsApplication Started ServiceSmsApplication in 12.161 seconds (JVM running for 14.42)
2022-06-17 17:31:15 [INFO ] org.springframework.amqp.rabbit.RabbitListenerEndpointContainer#0-1 Assert.java:72 com.donghua.common.exception.Assert not equals...............
2022-06-17 17:31:15 [ERROR] org.springframework.amqp.rabbit.RabbitListenerEndpointContainer#0-1 SmsServiceImpl.java:77 com.donghua.srb.sms.service.impl.SmsServiceImpl Exception阿里云短信发送sdk调用失败：null, null
2022-06-17 17:31:15 [INFO ] org.springframework.amqp.rabbit.RabbitListenerEndpointContainer#0-1 SmsReceiver.java:32 com.donghua.srb.sms.receiver.SmsReceiver SmsReceiver 消息监听.....
2022-06-17 17:31:15 [INFO ] org.springframework.amqp.rabbit.RabbitListenerEndpointContainer#0-1 SmsReceiver.java:36 com.donghua.srb.sms.receiver.SmsReceiver 18016328021
2022-06-17 17:31:15 [INFO ] org.springframework.amqp.rabbit.RabbitListenerEndpointContainer#0-1 Assert.java:72 com.donghua.common.exception.Assert not equals...............
2022-06-17 17:31:15 [ERROR] org.springframework.amqp.rabbit.RabbitListenerEndpointContainer#0-1 SmsServiceImpl.java:77 com.donghua.srb.sms.service.impl.SmsServiceImpl Exception阿里云短信发送sdk调用失败：null, null
2022-06-17 17:31:15 [INFO ] org.springframework.amqp.rabbit.RabbitListenerEndpointContainer#0-1 SmsReceiver.java:32 com.donghua.srb.sms.receiver.SmsReceiver SmsReceiver 消息监听.....
2022-06-17 17:31:15 [INFO ] org.springframework.amqp.rabbit.RabbitListenerEndpointContainer#0-1 SmsReceiver.java:36 com.donghua.srb.sms.receiver.SmsReceiver 18016328021
2022-06-17 17:31:15 [INFO ] org.springframework.amqp.rabbit.RabbitListenerEndpointContainer#0-1 Assert.java:72 com.donghua.common.exception.Assert not equals...............
2022-06-17 17:31:15 [ERROR] org.springframework.amqp.rabbit.RabbitListenerEndpointContainer#0-1 SmsServiceImpl.java:77 com.donghua.srb.sms.service.impl.SmsServiceImpl Exception阿里云短信发送sdk调用失败：null, null
2022-06-17 17:31:15 [INFO ] org.springframework.amqp.rabbit.RabbitListenerEndpointContainer#0-1 SmsReceiver.java:32 com.donghua.srb.sms.receiver.SmsReceiver SmsReceiver 消息监听.....
2022-06-17 17:31:15 [INFO ] org.springframework.amqp.rabbit.RabbitListenerEndpointContainer#0-1 SmsReceiver.java:36 com.donghua.srb.sms.receiver.SmsReceiver 18016328021
2022-06-17 17:31:15 [INFO ] org.springframework.amqp.rabbit.RabbitListenerEndpointContainer#0-1 Assert.java:72 com.donghua.common.exception.Assert not equals...............
2022-06-17 17:31:15 [ERROR] org.springframework.amqp.rabbit.RabbitListenerEndpointContainer#0-1 SmsServiceImpl.java:77 com.donghua.srb.sms.service.impl.SmsServiceImpl Exception阿里云短信发送sdk调用失败：null, null
2022-06-17 17:31:15 [INFO ] org.springframework.amqp.rabbit.RabbitListenerEndpointContainer#0-1 SmsReceiver.java:32 com.donghua.srb.sms.receiver.SmsReceiver SmsReceiver 消息监听.....
2022-06-17 17:31:15 [INFO ] org.springframework.amqp.rabbit.RabbitListenerEndpointContainer#0-1 SmsReceiver.java:36 com.donghua.srb.sms.receiver.SmsReceiver 18016328021
2022-06-17 17:31:15 [INFO ] org.springframework.amqp.rabbit.RabbitListenerEndpointContainer#0-1 Assert.java:72 com.donghua.common.exception.Assert not equals...............
2022-06-17 17:31:15 [ERROR] org.springframework.amqp.rabbit.RabbitListenerEndpointContainer#0-1 SmsServiceImpl.java:77 com.donghua.srb.sms.service.impl.SmsServiceImpl Exception阿里云短信发送sdk调用失败：null, null
2022-06-17 17:31:15 [INFO ] org.springframework.amqp.rabbit.RabbitListenerEndpointContainer#0-1 SmsReceiver.java:32 com.donghua.srb.sms.receiver.SmsReceiver SmsReceiver 消息监听.....
2022-06-17 17:31:15 [INFO ] org.springframework.amqp.rabbit.RabbitListenerEndpointContainer#0-1 SmsReceiver.java:36 com.donghua.srb.sms.receiver.SmsReceiver 18016328021
2022-06-17 17:31:15 [INFO ] org.springframework.amqp.rabbit.RabbitListenerEndpointContainer#0-1 Assert.java:72 com.donghua.common.exception.Assert not equals...............
2022-06-17 17:31:15 [ERROR] org.springframework.amqp.rabbit.RabbitListenerEndpointContainer#0-1 SmsServiceImpl.java:77 com.donghua.srb.sms.service.impl.SmsServiceImpl Exception阿里云短信发送sdk调用失败：null, null
2022-06-17 17:31:15 [INFO ] org.springframework.amqp.rabbit.RabbitListenerEndpointContainer#0-1 SmsReceiver.java:32 com.donghua.srb.sms.receiver.SmsReceiver SmsReceiver 消息监听.....
2022-06-17 17:31:15 [INFO ] org.springframework.amqp.rabbit.RabbitListenerEndpointContainer#0-1 SmsReceiver.java:36 com.donghua.srb.sms.receiver.SmsReceiver 18016328021
2022-06-17 17:31:15 [INFO ] org.springframework.amqp.rabbit.RabbitListenerEndpointContainer#0-1 Assert.java:72 com.donghua.common.exception.Assert not equals...............
2022-06-17 17:31:15 [ERROR] org.springframework.amqp.rabbit.RabbitListenerEndpointContainer#0-1 SmsServiceImpl.java:77 com.donghua.srb.sms.service.impl.SmsServiceImpl Exception阿里云短信发送sdk调用失败：null, null
2022-06-17 17:31:15 [INFO ] org.springframework.amqp.rabbit.RabbitListenerEndpointContainer#0-1 SmsReceiver.java:32 com.donghua.srb.sms.receiver.SmsReceiver SmsReceiver 消息监听.....
2022-06-17 17:31:15 [INFO ] org.springframework.amqp.rabbit.RabbitListenerEndpointContainer#0-1 SmsReceiver.java:36 com.donghua.srb.sms.receiver.SmsReceiver 18016328021
2022-06-17 17:31:15 [INFO ] org.springframework.amqp.rabbit.RabbitListenerEndpointContainer#0-1 Assert.java:72 com.donghua.common.exception.Assert not equals...............
2022-06-17 17:31:15 [ERROR] org.springframework.amqp.rabbit.RabbitListenerEndpointContainer#0-1 SmsServiceImpl.java:77 com.donghua.srb.sms.service.impl.SmsServiceImpl Exception阿里云短信发送sdk调用失败：null, null
2022-06-17 17:31:15 [INFO ] org.springframework.amqp.rabbit.RabbitListenerEndpointContainer#0-1 SmsReceiver.java:32 com.donghua.srb.sms.receiver.SmsReceiver SmsReceiver 消息监听.....
2022-06-17 17:31:15 [INFO ] org.springframework.amqp.rabbit.RabbitListenerEndpointContainer#0-1 SmsReceiver.java:36 com.donghua.srb.sms.receiver.SmsReceiver 18016328021
2022-06-17 17:31:15 [INFO ] org.springframework.amqp.rabbit.RabbitListenerEndpointContainer#0-1 Assert.java:72 com.donghua.common.exception.Assert not equals...............
2022-06-17 17:31:15 [ERROR] org.springframework.amqp.rabbit.RabbitListenerEndpointContainer#0-1 SmsServiceImpl.java:77 com.donghua.srb.sms.service.impl.SmsServiceImpl Exception阿里云短信发送sdk调用失败：null, null
2022-06-17 17:31:15 [INFO ] org.springframework.amqp.rabbit.RabbitListenerEndpointContainer#0-1 SmsReceiver.java:32 com.donghua.srb.sms.receiver.SmsReceiver SmsReceiver 消息监听.....
2022-06-17 17:31:15 [INFO ] org.springframework.amqp.rabbit.RabbitListenerEndpointContainer#0-1 SmsReceiver.java:36 com.donghua.srb.sms.receiver.SmsReceiver 18016328021
2022-06-17 17:31:15 [INFO ] org.springframework.amqp.rabbit.RabbitListenerEndpointContainer#0-1 Assert.java:72 com.donghua.common.exception.Assert not equals...............
2022-06-17 17:31:15 [ERROR] org.springframework.amqp.rabbit.RabbitListenerEndpointContainer#0-1 SmsServiceImpl.java:77 com.donghua.srb.sms.service.impl.SmsServiceImpl Exception阿里云短信发送sdk调用失败：null, null
2022-06-17 17:31:15 [INFO ] org.springframework.amqp.rabbit.RabbitListenerEndpointContainer#0-1 SmsReceiver.java:32 com.donghua.srb.sms.receiver.SmsReceiver SmsReceiver 消息监听.....
2022-06-17 17:31:15 [INFO ] org.springframework.amqp.rabbit.RabbitListenerEndpointContainer#0-1 SmsReceiver.java:36 com.donghua.srb.sms.receiver.SmsReceiver 18016328021
2022-06-17 17:31:15 [INFO ] org.springframework.amqp.rabbit.RabbitListenerEndpointContainer#0-1 Assert.java:72 com.donghua.common.exception.Assert not equals...............
2022-06-17 17:31:15 [ERROR] org.springframework.amqp.rabbit.RabbitListenerEndpointContainer#0-1 SmsServiceImpl.java:77 com.donghua.srb.sms.service.impl.SmsServiceImpl Exception阿里云短信发送sdk调用失败：null, null
2022-06-17 17:31:16 [INFO ] org.springframework.amqp.rabbit.RabbitListenerEndpointContainer#0-1 SmsReceiver.java:32 com.donghua.srb.sms.receiver.SmsReceiver SmsReceiver 消息监听.....
2022-06-17 17:31:16 [INFO ] org.springframework.amqp.rabbit.RabbitListenerEndpointContainer#0-1 SmsReceiver.java:36 com.donghua.srb.sms.receiver.SmsReceiver 18016328021
2022-06-17 17:31:16 [INFO ] org.springframework.amqp.rabbit.RabbitListenerEndpointContainer#0-1 Assert.java:72 com.donghua.common.exception.Assert not equals...............
2022-06-17 17:31:16 [ERROR] org.springframework.amqp.rabbit.RabbitListenerEndpointContainer#0-1 SmsServiceImpl.java:77 com.donghua.srb.sms.service.impl.SmsServiceImpl Exception阿里云短信发送sdk调用失败：null, null
2022-06-17 17:31:16 [INFO ] org.springframework.amqp.rabbit.RabbitListenerEndpointContainer#0-1 SmsReceiver.java:32 com.donghua.srb.sms.receiver.SmsReceiver SmsReceiver 消息监听.....
2022-06-17 17:31:16 [INFO ] org.springframework.amqp.rabbit.RabbitListenerEndpointContainer#0-1 SmsReceiver.java:36 com.donghua.srb.sms.receiver.SmsReceiver 18016328021
2022-06-17 17:31:16 [INFO ] org.springframework.amqp.rabbit.RabbitListenerEndpointContainer#0-1 Assert.java:72 com.donghua.common.exception.Assert not equals...............
2022-06-17 17:31:16 [ERROR] org.springframework.amqp.rabbit.RabbitListenerEndpointContainer#0-1 SmsServiceImpl.java:77 com.donghua.srb.sms.service.impl.SmsServiceImpl Exception阿里云短信发送sdk调用失败：null, null
2022-06-17 17:31:16 [INFO ] org.springframework.amqp.rabbit.RabbitListenerEndpointContainer#0-1 SmsReceiver.java:32 com.donghua.srb.sms.receiver.SmsReceiver SmsReceiver 消息监听.....
2022-06-17 17:31:16 [INFO ] org.springframework.amqp.rabbit.RabbitListenerEndpointContainer#0-1 SmsReceiver.java:36 com.donghua.srb.sms.receiver.SmsReceiver 18016328021
2022-06-17 17:31:16 [INFO ] org.springframework.amqp.rabbit.RabbitListenerEndpointContainer#0-1 Assert.java:72 com.donghua.common.exception.Assert not equals...............
2022-06-17 17:31:16 [ERROR] org.springframework.amqp.rabbit.RabbitListenerEndpointContainer#0-1 SmsServiceImpl.java:77 com.donghua.srb.sms.service.impl.SmsServiceImpl Exception阿里云短信发送sdk调用失败：null, null
2022-06-17 17:31:16 [INFO ] org.springframework.amqp.rabbit.RabbitListenerEndpointContainer#0-1 SmsReceiver.java:32 com.donghua.srb.sms.receiver.SmsReceiver SmsReceiver 消息监听.....
2022-06-17 17:31:16 [INFO ] org.springframework.amqp.rabbit.RabbitListenerEndpointContainer#0-1 SmsReceiver.java:36 com.donghua.srb.sms.receiver.SmsReceiver 18016328021
2022-06-17 17:31:16 [INFO ] org.springframework.amqp.rabbit.RabbitListenerEndpointContainer#0-1 Assert.java:72 com.donghua.common.exception.Assert not equals...............
2022-06-17 17:31:16 [ERROR] org.springframework.amqp.rabbit.RabbitListenerEndpointContainer#0-1 SmsServiceImpl.java:77 com.donghua.srb.sms.service.impl.SmsServiceImpl Exception阿里云短信发送sdk调用失败：null, null
2022-06-17 17:31:16 [INFO ] org.springframework.amqp.rabbit.RabbitListenerEndpointContainer#0-1 SmsReceiver.java:32 com.donghua.srb.sms.receiver.SmsReceiver SmsReceiver 消息监听.....
2022-06-17 17:31:16 [INFO ] org.springframework.amqp.rabbit.RabbitListenerEndpointContainer#0-1 SmsReceiver.java:36 com.donghua.srb.sms.receiver.SmsReceiver 18016328021
2022-06-17 17:31:16 [INFO ] org.springframework.amqp.rabbit.RabbitListenerEndpointContainer#0-1 Assert.java:72 com.donghua.common.exception.Assert not equals...............
2022-06-17 17:31:16 [ERROR] org.springframework.amqp.rabbit.RabbitListenerEndpointContainer#0-1 SmsServiceImpl.java:77 com.donghua.srb.sms.service.impl.SmsServiceImpl Exception阿里云短信发送sdk调用失败：null, null
2022-06-17 17:31:16 [INFO ] org.springframework.amqp.rabbit.RabbitListenerEndpointContainer#0-1 SmsReceiver.java:32 com.donghua.srb.sms.receiver.SmsReceiver SmsReceiver 消息监听.....
2022-06-17 17:31:16 [INFO ] org.springframework.amqp.rabbit.RabbitListenerEndpointContainer#0-1 SmsReceiver.java:36 com.donghua.srb.sms.receiver.SmsReceiver 18016328021
2022-06-17 17:31:16 [INFO ] org.springframework.amqp.rabbit.RabbitListenerEndpointContainer#0-1 Assert.java:72 com.donghua.common.exception.Assert not equals...............
2022-06-17 17:31:16 [ERROR] org.springframework.amqp.rabbit.RabbitListenerEndpointContainer#0-1 SmsServiceImpl.java:77 com.donghua.srb.sms.service.impl.SmsServiceImpl Exception阿里云短信发送sdk调用失败：null, null
2022-06-17 17:31:16 [INFO ] org.springframework.amqp.rabbit.RabbitListenerEndpointContainer#0-1 SmsReceiver.java:32 com.donghua.srb.sms.receiver.SmsReceiver SmsReceiver 消息监听.....
2022-06-17 17:31:16 [INFO ] org.springframework.amqp.rabbit.RabbitListenerEndpointContainer#0-1 SmsReceiver.java:36 com.donghua.srb.sms.receiver.SmsReceiver 18016328021
2022-06-17 17:31:16 [INFO ] org.springframework.amqp.rabbit.RabbitListenerEndpointContainer#0-1 Assert.java:72 com.donghua.common.exception.Assert not equals...............
2022-06-17 17:31:16 [ERROR] org.springframework.amqp.rabbit.RabbitListenerEndpointContainer#0-1 SmsServiceImpl.java:77 com.donghua.srb.sms.service.impl.SmsServiceImpl Exception阿里云短信发送sdk调用失败：null, null
2022-06-17 17:31:16 [INFO ] org.springframework.amqp.rabbit.RabbitListenerEndpointContainer#0-1 SmsReceiver.java:32 com.donghua.srb.sms.receiver.SmsReceiver SmsReceiver 消息监听.....
2022-06-17 17:31:16 [INFO ] org.springframework.amqp.rabbit.RabbitListenerEndpointContainer#0-1 SmsReceiver.java:36 com.donghua.srb.sms.receiver.SmsReceiver 18016328021
2022-06-17 17:31:16 [INFO ] org.springframework.amqp.rabbit.RabbitListenerEndpointContainer#0-1 Assert.java:72 com.donghua.common.exception.Assert not equals...............
2022-06-17 17:31:16 [ERROR] org.springframework.amqp.rabbit.RabbitListenerEndpointContainer#0-1 SmsServiceImpl.java:77 com.donghua.srb.sms.service.impl.SmsServiceImpl Exception阿里云短信发送sdk调用失败：null, null
2022-06-17 17:31:16 [INFO ] org.springframework.amqp.rabbit.RabbitListenerEndpointContainer#0-1 SmsReceiver.java:32 com.donghua.srb.sms.receiver.SmsReceiver SmsReceiver 消息监听.....
2022-06-17 17:31:16 [INFO ] org.springframework.amqp.rabbit.RabbitListenerEndpointContainer#0-1 SmsReceiver.java:36 com.donghua.srb.sms.receiver.SmsReceiver 18016328021
2022-06-17 17:31:16 [INFO ] org.springframework.amqp.rabbit.RabbitListenerEndpointContainer#0-1 Assert.java:72 com.donghua.common.exception.Assert not equals...............
2022-06-17 17:31:16 [ERROR] org.springframework.amqp.rabbit.RabbitListenerEndpointContainer#0-1 SmsServiceImpl.java:77 com.donghua.srb.sms.service.impl.SmsServiceImpl Exception阿里云短信发送sdk调用失败：null, null
2022-06-17 17:31:16 [INFO ] org.springframework.amqp.rabbit.RabbitListenerEndpointContainer#0-1 SmsReceiver.java:32 com.donghua.srb.sms.receiver.SmsReceiver SmsReceiver 消息监听.....
2022-06-17 17:31:16 [INFO ] org.springframework.amqp.rabbit.RabbitListenerEndpointContainer#0-1 SmsReceiver.java:36 com.donghua.srb.sms.receiver.SmsReceiver 18016328021
2022-06-17 17:31:16 [INFO ] org.springframework.amqp.rabbit.RabbitListenerEndpointContainer#0-1 Assert.java:72 com.donghua.common.exception.Assert not equals...............
2022-06-17 17:31:16 [ERROR] org.springframework.amqp.rabbit.RabbitListenerEndpointContainer#0-1 SmsServiceImpl.java:77 com.donghua.srb.sms.service.impl.SmsServiceImpl Exception阿里云短信发送sdk调用失败：null, null
2022-06-17 17:31:16 [INFO ] org.springframework.amqp.rabbit.RabbitListenerEndpointContainer#0-1 SmsReceiver.java:32 com.donghua.srb.sms.receiver.SmsReceiver SmsReceiver 消息监听.....
2022-06-17 17:31:16 [INFO ] org.springframework.amqp.rabbit.RabbitListenerEndpointContainer#0-1 SmsReceiver.java:36 com.donghua.srb.sms.receiver.SmsReceiver 18016328021
2022-06-17 17:31:16 [INFO ] org.springframework.amqp.rabbit.RabbitListenerEndpointContainer#0-1 Assert.java:72 com.donghua.common.exception.Assert not equals...............
2022-06-17 17:31:16 [ERROR] org.springframework.amqp.rabbit.RabbitListenerEndpointContainer#0-1 SmsServiceImpl.java:77 com.donghua.srb.sms.service.impl.SmsServiceImpl Exception阿里云短信发送sdk调用失败：null, null
2022-06-17 17:31:16 [INFO ] org.springframework.amqp.rabbit.RabbitListenerEndpointContainer#0-1 SmsReceiver.java:32 com.donghua.srb.sms.receiver.SmsReceiver SmsReceiver 消息监听.....
2022-06-17 17:31:16 [INFO ] org.springframework.amqp.rabbit.RabbitListenerEndpointContainer#0-1 SmsReceiver.java:36 com.donghua.srb.sms.receiver.SmsReceiver 18016328021
2022-06-17 17:31:17 [INFO ] org.springframework.amqp.rabbit.RabbitListenerEndpointContainer#0-1 Assert.java:72 com.donghua.common.exception.Assert not equals...............
2022-06-17 17:31:17 [ERROR] org.springframework.amqp.rabbit.RabbitListenerEndpointContainer#0-1 SmsServiceImpl.java:77 com.donghua.srb.sms.service.impl.SmsServiceImpl Exception阿里云短信发送sdk调用失败：null, null
2022-06-17 17:31:17 [INFO ] org.springframework.amqp.rabbit.RabbitListenerEndpointContainer#0-1 SmsReceiver.java:32 com.donghua.srb.sms.receiver.SmsReceiver SmsReceiver 消息监听.....
2022-06-17 17:31:17 [INFO ] org.springframework.amqp.rabbit.RabbitListenerEndpointContainer#0-1 SmsReceiver.java:36 com.donghua.srb.sms.receiver.SmsReceiver 18016328021
2022-06-17 17:31:17 [INFO ] org.springframework.amqp.rabbit.RabbitListenerEndpointContainer#0-1 Assert.java:72 com.donghua.common.exception.Assert not equals...............
2022-06-17 17:31:17 [ERROR] org.springframework.amqp.rabbit.RabbitListenerEndpointContainer#0-1 SmsServiceImpl.java:77 com.donghua.srb.sms.service.impl.SmsServiceImpl Exception阿里云短信发送sdk调用失败：null, null
2022-06-17 17:31:17 [INFO ] org.springframework.amqp.rabbit.RabbitListenerEndpointContainer#0-1 SmsReceiver.java:32 com.donghua.srb.sms.receiver.SmsReceiver SmsReceiver 消息监听.....
2022-06-17 17:31:17 [INFO ] org.springframework.amqp.rabbit.RabbitListenerEndpointContainer#0-1 SmsReceiver.java:36 com.donghua.srb.sms.receiver.SmsReceiver 18016328021
2022-06-17 17:31:17 [INFO ] org.springframework.amqp.rabbit.RabbitListenerEndpointContainer#0-1 Assert.java:72 com.donghua.common.exception.Assert not equals...............
2022-06-17 17:31:17 [ERROR] org.springframework.amqp.rabbit.RabbitListenerEndpointContainer#0-1 SmsServiceImpl.java:77 com.donghua.srb.sms.service.impl.SmsServiceImpl Exception阿里云短信发送sdk调用失败：null, null
2022-06-17 17:31:17 [INFO ] org.springframework.amqp.rabbit.RabbitListenerEndpointContainer#0-1 SmsReceiver.java:32 com.donghua.srb.sms.receiver.SmsReceiver SmsReceiver 消息监听.....
2022-06-17 17:31:17 [INFO ] org.springframework.amqp.rabbit.RabbitListenerEndpointContainer#0-1 SmsReceiver.java:36 com.donghua.srb.sms.receiver.SmsReceiver 18016328021
2022-06-17 17:31:17 [INFO ] org.springframework.amqp.rabbit.RabbitListenerEndpointContainer#0-1 Assert.java:72 com.donghua.common.exception.Assert not equals...............
2022-06-17 17:31:17 [ERROR] org.springframework.amqp.rabbit.RabbitListenerEndpointContainer#0-1 SmsServiceImpl.java:77 com.donghua.srb.sms.service.impl.SmsServiceImpl Exception阿里云短信发送sdk调用失败：null, null
2022-06-17 17:31:17 [INFO ] org.springframework.amqp.rabbit.RabbitListenerEndpointContainer#0-1 SmsReceiver.java:32 com.donghua.srb.sms.receiver.SmsReceiver SmsReceiver 消息监听.....
2022-06-17 17:31:17 [INFO ] org.springframework.amqp.rabbit.RabbitListenerEndpointContainer#0-1 SmsReceiver.java:36 com.donghua.srb.sms.receiver.SmsReceiver 18016328021
2022-06-17 17:31:17 [INFO ] org.springframework.amqp.rabbit.RabbitListenerEndpointContainer#0-1 Assert.java:72 com.donghua.common.exception.Assert not equals...............
2022-06-17 17:31:17 [ERROR] org.springframework.amqp.rabbit.RabbitListenerEndpointContainer#0-1 SmsServiceImpl.java:77 com.donghua.srb.sms.service.impl.SmsServiceImpl Exception阿里云短信发送sdk调用失败：null, null
2022-06-17 17:31:17 [INFO ] org.springframework.amqp.rabbit.RabbitListenerEndpointContainer#0-1 SmsReceiver.java:32 com.donghua.srb.sms.receiver.SmsReceiver SmsReceiver 消息监听.....
2022-06-17 17:31:17 [INFO ] org.springframework.amqp.rabbit.RabbitListenerEndpointContainer#0-1 SmsReceiver.java:36 com.donghua.srb.sms.receiver.SmsReceiver 18016328021
2022-06-17 17:31:17 [INFO ] org.springframework.amqp.rabbit.RabbitListenerEndpointContainer#0-1 Assert.java:72 com.donghua.common.exception.Assert not equals...............
2022-06-17 17:31:17 [ERROR] org.springframework.amqp.rabbit.RabbitListenerEndpointContainer#0-1 SmsServiceImpl.java:77 com.donghua.srb.sms.service.impl.SmsServiceImpl Exception阿里云短信发送sdk调用失败：null, null
2022-06-17 17:31:17 [INFO ] org.springframework.amqp.rabbit.RabbitListenerEndpointContainer#0-1 SmsReceiver.java:32 com.donghua.srb.sms.receiver.SmsReceiver SmsReceiver 消息监听.....
2022-06-17 17:31:17 [INFO ] org.springframework.amqp.rabbit.RabbitListenerEndpointContainer#0-1 SmsReceiver.java:36 com.donghua.srb.sms.receiver.SmsReceiver 18016328021
2022-06-17 17:31:17 [INFO ] org.springframework.amqp.rabbit.RabbitListenerEndpointContainer#0-1 Assert.java:72 com.donghua.common.exception.Assert not equals...............
2022-06-17 17:31:17 [ERROR] org.springframework.amqp.rabbit.RabbitListenerEndpointContainer#0-1 SmsServiceImpl.java:77 com.donghua.srb.sms.service.impl.SmsServiceImpl Exception阿里云短信发送sdk调用失败：null, null
2022-06-17 17:31:17 [INFO ] org.springframework.amqp.rabbit.RabbitListenerEndpointContainer#0-1 SmsReceiver.java:32 com.donghua.srb.sms.receiver.SmsReceiver SmsReceiver 消息监听.....
2022-06-17 17:31:17 [INFO ] org.springframework.amqp.rabbit.RabbitListenerEndpointContainer#0-1 SmsReceiver.java:36 com.donghua.srb.sms.receiver.SmsReceiver 18016328021
2022-06-17 17:31:17 [INFO ] org.springframework.amqp.rabbit.RabbitListenerEndpointContainer#0-1 Assert.java:72 com.donghua.common.exception.Assert not equals...............
2022-06-17 17:31:17 [ERROR] org.springframework.amqp.rabbit.RabbitListenerEndpointContainer#0-1 SmsServiceImpl.java:77 com.donghua.srb.sms.service.impl.SmsServiceImpl Exception阿里云短信发送sdk调用失败：null, null
2022-06-17 17:31:17 [INFO ] org.springframework.amqp.rabbit.RabbitListenerEndpointContainer#0-1 SmsReceiver.java:32 com.donghua.srb.sms.receiver.SmsReceiver SmsReceiver 消息监听.....
2022-06-17 17:31:17 [INFO ] org.springframework.amqp.rabbit.RabbitListenerEndpointContainer#0-1 SmsReceiver.java:36 com.donghua.srb.sms.receiver.SmsReceiver 18016328021
2022-06-17 17:31:17 [INFO ] org.springframework.amqp.rabbit.RabbitListenerEndpointContainer#0-1 Assert.java:72 com.donghua.common.exception.Assert not equals...............
2022-06-17 17:31:17 [ERROR] org.springframework.amqp.rabbit.RabbitListenerEndpointContainer#0-1 SmsServiceImpl.java:77 com.donghua.srb.sms.service.impl.SmsServiceImpl Exception阿里云短信发送sdk调用失败：null, null
2022-06-17 17:31:17 [INFO ] org.springframework.amqp.rabbit.RabbitListenerEndpointContainer#0-1 SmsReceiver.java:32 com.donghua.srb.sms.receiver.SmsReceiver SmsReceiver 消息监听.....
2022-06-17 17:31:17 [INFO ] org.springframework.amqp.rabbit.RabbitListenerEndpointContainer#0-1 SmsReceiver.java:36 com.donghua.srb.sms.receiver.SmsReceiver 18016328021
2022-06-17 17:31:17 [INFO ] org.springframework.amqp.rabbit.RabbitListenerEndpointContainer#0-1 Assert.java:72 com.donghua.common.exception.Assert not equals...............
2022-06-17 17:31:17 [ERROR] org.springframework.amqp.rabbit.RabbitListenerEndpointContainer#0-1 SmsServiceImpl.java:77 com.donghua.srb.sms.service.impl.SmsServiceImpl Exception阿里云短信发送sdk调用失败：null, null
2022-06-17 17:31:17 [INFO ] org.springframework.amqp.rabbit.RabbitListenerEndpointContainer#0-1 SmsReceiver.java:32 com.donghua.srb.sms.receiver.SmsReceiver SmsReceiver 消息监听.....
2022-06-17 17:31:17 [INFO ] org.springframework.amqp.rabbit.RabbitListenerEndpointContainer#0-1 SmsReceiver.java:36 com.donghua.srb.sms.receiver.SmsReceiver 18016328021
2022-06-17 17:31:17 [INFO ] org.springframework.amqp.rabbit.RabbitListenerEndpointContainer#0-1 Assert.java:72 com.donghua.common.exception.Assert not equals...............
2022-06-17 17:31:17 [ERROR] org.springframework.amqp.rabbit.RabbitListenerEndpointContainer#0-1 SmsServiceImpl.java:77 com.donghua.srb.sms.service.impl.SmsServiceImpl Exception阿里云短信发送sdk调用失败：null, null
2022-06-17 17:31:17 [INFO ] org.springframework.amqp.rabbit.RabbitListenerEndpointContainer#0-1 SmsReceiver.java:32 com.donghua.srb.sms.receiver.SmsReceiver SmsReceiver 消息监听.....
2022-06-17 17:31:17 [INFO ] org.springframework.amqp.rabbit.RabbitListenerEndpointContainer#0-1 SmsReceiver.java:36 com.donghua.srb.sms.receiver.SmsReceiver 18016328021
2022-06-17 17:31:18 [INFO ] org.springframework.amqp.rabbit.RabbitListenerEndpointContainer#0-1 Assert.java:72 com.donghua.common.exception.Assert not equals...............
2022-06-17 17:31:18 [ERROR] org.springframework.amqp.rabbit.RabbitListenerEndpointContainer#0-1 SmsServiceImpl.java:77 com.donghua.srb.sms.service.impl.SmsServiceImpl Exception阿里云短信发送sdk调用失败：null, null
2022-06-17 17:31:18 [INFO ] org.springframework.amqp.rabbit.RabbitListenerEndpointContainer#0-1 SmsReceiver.java:32 com.donghua.srb.sms.receiver.SmsReceiver SmsReceiver 消息监听.....
2022-06-17 17:31:18 [INFO ] org.springframework.amqp.rabbit.RabbitListenerEndpointContainer#0-1 SmsReceiver.java:36 com.donghua.srb.sms.receiver.SmsReceiver 18016328021
2022-06-17 17:31:18 [INFO ] org.springframework.amqp.rabbit.RabbitListenerEndpointContainer#0-1 Assert.java:72 com.donghua.common.exception.Assert not equals...............
2022-06-17 17:31:18 [ERROR] org.springframework.amqp.rabbit.RabbitListenerEndpointContainer#0-1 SmsServiceImpl.java:77 com.donghua.srb.sms.service.impl.SmsServiceImpl Exception阿里云短信发送sdk调用失败：null, null
2022-06-17 17:31:18 [INFO ] org.springframework.amqp.rabbit.RabbitListenerEndpointContainer#0-1 SmsReceiver.java:32 com.donghua.srb.sms.receiver.SmsReceiver SmsReceiver 消息监听.....
2022-06-17 17:31:18 [INFO ] org.springframework.amqp.rabbit.RabbitListenerEndpointContainer#0-1 SmsReceiver.java:36 com.donghua.srb.sms.receiver.SmsReceiver 18016328021
2022-06-17 17:31:18 [INFO ] org.springframework.amqp.rabbit.RabbitListenerEndpointContainer#0-1 Assert.java:72 com.donghua.common.exception.Assert not equals...............
2022-06-17 17:31:18 [ERROR] org.springframework.amqp.rabbit.RabbitListenerEndpointContainer#0-1 SmsServiceImpl.java:77 com.donghua.srb.sms.service.impl.SmsServiceImpl Exception阿里云短信发送sdk调用失败：null, null
2022-06-17 17:31:18 [INFO ] org.springframework.amqp.rabbit.RabbitListenerEndpointContainer#0-1 SmsReceiver.java:32 com.donghua.srb.sms.receiver.SmsReceiver SmsReceiver 消息监听.....
2022-06-17 17:31:18 [INFO ] org.springframework.amqp.rabbit.RabbitListenerEndpointContainer#0-1 SmsReceiver.java:36 com.donghua.srb.sms.receiver.SmsReceiver 18016328021
2022-06-17 17:31:18 [INFO ] org.springframework.amqp.rabbit.RabbitListenerEndpointContainer#0-1 Assert.java:72 com.donghua.common.exception.Assert not equals...............
2022-06-17 17:31:18 [ERROR] org.springframework.amqp.rabbit.RabbitListenerEndpointContainer#0-1 SmsServiceImpl.java:77 com.donghua.srb.sms.service.impl.SmsServiceImpl Exception阿里云短信发送sdk调用失败：null, null
2022-06-17 17:31:18 [INFO ] org.springframework.amqp.rabbit.RabbitListenerEndpointContainer#0-1 SmsReceiver.java:32 com.donghua.srb.sms.receiver.SmsReceiver SmsReceiver 消息监听.....
2022-06-17 17:31:18 [INFO ] org.springframework.amqp.rabbit.RabbitListenerEndpointContainer#0-1 SmsReceiver.java:36 com.donghua.srb.sms.receiver.SmsReceiver 18016328021
2022-06-17 17:31:18 [INFO ] org.springframework.amqp.rabbit.RabbitListenerEndpointContainer#0-1 Assert.java:72 com.donghua.common.exception.Assert not equals...............
2022-06-17 17:31:18 [ERROR] org.springframework.amqp.rabbit.RabbitListenerEndpointContainer#0-1 SmsServiceImpl.java:77 com.donghua.srb.sms.service.impl.SmsServiceImpl Exception阿里云短信发送sdk调用失败：null, null
2022-06-17 17:31:18 [INFO ] org.springframework.amqp.rabbit.RabbitListenerEndpointContainer#0-1 SmsReceiver.java:32 com.donghua.srb.sms.receiver.SmsReceiver SmsReceiver 消息监听.....
2022-06-17 17:31:18 [INFO ] org.springframework.amqp.rabbit.RabbitListenerEndpointContainer#0-1 SmsReceiver.java:36 com.donghua.srb.sms.receiver.SmsReceiver 18016328021
2022-06-17 17:31:18 [INFO ] org.springframework.amqp.rabbit.RabbitListenerEndpointContainer#0-1 Assert.java:72 com.donghua.common.exception.Assert not equals...............
2022-06-17 17:31:18 [ERROR] org.springframework.amqp.rabbit.RabbitListenerEndpointContainer#0-1 SmsServiceImpl.java:77 com.donghua.srb.sms.service.impl.SmsServiceImpl Exception阿里云短信发送sdk调用失败：null, null
2022-06-17 17:31:18 [INFO ] org.springframework.amqp.rabbit.RabbitListenerEndpointContainer#0-1 SmsReceiver.java:32 com.donghua.srb.sms.receiver.SmsReceiver SmsReceiver 消息监听.....
2022-06-17 17:31:18 [INFO ] org.springframework.amqp.rabbit.RabbitListenerEndpointContainer#0-1 SmsReceiver.java:36 com.donghua.srb.sms.receiver.SmsReceiver 18016328021
2022-06-17 17:31:18 [INFO ] org.springframework.amqp.rabbit.RabbitListenerEndpointContainer#0-1 Assert.java:72 com.donghua.common.exception.Assert not equals...............
2022-06-17 17:31:18 [ERROR] org.springframework.amqp.rabbit.RabbitListenerEndpointContainer#0-1 SmsServiceImpl.java:77 com.donghua.srb.sms.service.impl.SmsServiceImpl Exception阿里云短信发送sdk调用失败：null, null
2022-06-17 17:31:18 [INFO ] org.springframework.amqp.rabbit.RabbitListenerEndpointContainer#0-1 SmsReceiver.java:32 com.donghua.srb.sms.receiver.SmsReceiver SmsReceiver 消息监听.....
2022-06-17 17:31:18 [INFO ] org.springframework.amqp.rabbit.RabbitListenerEndpointContainer#0-1 SmsReceiver.java:36 com.donghua.srb.sms.receiver.SmsReceiver 18016328021
2022-06-17 17:31:18 [INFO ] org.springframework.amqp.rabbit.RabbitListenerEndpointContainer#0-1 Assert.java:72 com.donghua.common.exception.Assert not equals...............
2022-06-17 17:31:18 [ERROR] org.springframework.amqp.rabbit.RabbitListenerEndpointContainer#0-1 SmsServiceImpl.java:77 com.donghua.srb.sms.service.impl.SmsServiceImpl Exception阿里云短信发送sdk调用失败：null, null
2022-06-17 17:31:18 [INFO ] org.springframework.amqp.rabbit.RabbitListenerEndpointContainer#0-1 SmsReceiver.java:32 com.donghua.srb.sms.receiver.SmsReceiver SmsReceiver 消息监听.....
2022-06-17 17:31:18 [INFO ] org.springframework.amqp.rabbit.RabbitListenerEndpointContainer#0-1 SmsReceiver.java:36 com.donghua.srb.sms.receiver.SmsReceiver 18016328021
2022-06-17 17:31:18 [INFO ] org.springframework.amqp.rabbit.RabbitListenerEndpointContainer#0-1 Assert.java:72 com.donghua.common.exception.Assert not equals...............
2022-06-17 17:31:18 [ERROR] org.springframework.amqp.rabbit.RabbitListenerEndpointContainer#0-1 SmsServiceImpl.java:77 com.donghua.srb.sms.service.impl.SmsServiceImpl Exception阿里云短信发送sdk调用失败：null, null
2022-06-17 17:31:18 [INFO ] org.springframework.amqp.rabbit.RabbitListenerEndpointContainer#0-1 SmsReceiver.java:32 com.donghua.srb.sms.receiver.SmsReceiver SmsReceiver 消息监听.....
2022-06-17 17:31:18 [INFO ] org.springframework.amqp.rabbit.RabbitListenerEndpointContainer#0-1 SmsReceiver.java:36 com.donghua.srb.sms.receiver.SmsReceiver 18016328021
2022-06-17 17:31:18 [INFO ] org.springframework.amqp.rabbit.RabbitListenerEndpointContainer#0-1 Assert.java:72 com.donghua.common.exception.Assert not equals...............
2022-06-17 17:31:18 [ERROR] org.springframework.amqp.rabbit.RabbitListenerEndpointContainer#0-1 SmsServiceImpl.java:77 com.donghua.srb.sms.service.impl.SmsServiceImpl Exception阿里云短信发送sdk调用失败：null, null
2022-06-17 17:31:18 [INFO ] org.springframework.amqp.rabbit.RabbitListenerEndpointContainer#0-1 SmsReceiver.java:32 com.donghua.srb.sms.receiver.SmsReceiver SmsReceiver 消息监听.....
2022-06-17 17:31:18 [INFO ] org.springframework.amqp.rabbit.RabbitListenerEndpointContainer#0-1 SmsReceiver.java:36 com.donghua.srb.sms.receiver.SmsReceiver 18016328021
2022-06-17 17:31:18 [INFO ] org.springframework.amqp.rabbit.RabbitListenerEndpointContainer#0-1 Assert.java:72 com.donghua.common.exception.Assert not equals...............
2022-06-17 17:31:18 [ERROR] org.springframework.amqp.rabbit.RabbitListenerEndpointContainer#0-1 SmsServiceImpl.java:77 com.donghua.srb.sms.service.impl.SmsServiceImpl Exception阿里云短信发送sdk调用失败：null, null
2022-06-17 17:31:18 [INFO ] org.springframework.amqp.rabbit.RabbitListenerEndpointContainer#0-1 SmsReceiver.java:32 com.donghua.srb.sms.receiver.SmsReceiver SmsReceiver 消息监听.....
2022-06-17 17:31:18 [INFO ] org.springframework.amqp.rabbit.RabbitListenerEndpointContainer#0-1 SmsReceiver.java:36 com.donghua.srb.sms.receiver.SmsReceiver 18016328021
2022-06-17 17:31:19 [INFO ] org.springframework.amqp.rabbit.RabbitListenerEndpointContainer#0-1 Assert.java:72 com.donghua.common.exception.Assert not equals...............
2022-06-17 17:31:19 [ERROR] org.springframework.amqp.rabbit.RabbitListenerEndpointContainer#0-1 SmsServiceImpl.java:77 com.donghua.srb.sms.service.impl.SmsServiceImpl Exception阿里云短信发送sdk调用失败：null, null
2022-06-17 17:31:19 [INFO ] org.springframework.amqp.rabbit.RabbitListenerEndpointContainer#0-1 SmsReceiver.java:32 com.donghua.srb.sms.receiver.SmsReceiver SmsReceiver 消息监听.....
2022-06-17 17:31:19 [INFO ] org.springframework.amqp.rabbit.RabbitListenerEndpointContainer#0-1 SmsReceiver.java:36 com.donghua.srb.sms.receiver.SmsReceiver 18016328021
2022-06-17 17:31:19 [INFO ] org.springframework.amqp.rabbit.RabbitListenerEndpointContainer#0-1 Assert.java:72 com.donghua.common.exception.Assert not equals...............
2022-06-17 17:31:19 [ERROR] org.springframework.amqp.rabbit.RabbitListenerEndpointContainer#0-1 SmsServiceImpl.java:77 com.donghua.srb.sms.service.impl.SmsServiceImpl Exception阿里云短信发送sdk调用失败：null, null
2022-06-17 17:31:19 [INFO ] org.springframework.amqp.rabbit.RabbitListenerEndpointContainer#0-1 SmsReceiver.java:32 com.donghua.srb.sms.receiver.SmsReceiver SmsReceiver 消息监听.....
2022-06-17 17:31:19 [INFO ] org.springframework.amqp.rabbit.RabbitListenerEndpointContainer#0-1 SmsReceiver.java:36 com.donghua.srb.sms.receiver.SmsReceiver 18016328021
2022-06-17 17:31:19 [INFO ] org.springframework.amqp.rabbit.RabbitListenerEndpointContainer#0-1 Assert.java:72 com.donghua.common.exception.Assert not equals...............
2022-06-17 17:31:19 [ERROR] org.springframework.amqp.rabbit.RabbitListenerEndpointContainer#0-1 SmsServiceImpl.java:77 com.donghua.srb.sms.service.impl.SmsServiceImpl Exception阿里云短信发送sdk调用失败：null, null
2022-06-17 17:31:19 [INFO ] org.springframework.amqp.rabbit.RabbitListenerEndpointContainer#0-1 SmsReceiver.java:32 com.donghua.srb.sms.receiver.SmsReceiver SmsReceiver 消息监听.....
2022-06-17 17:31:19 [INFO ] org.springframework.amqp.rabbit.RabbitListenerEndpointContainer#0-1 SmsReceiver.java:36 com.donghua.srb.sms.receiver.SmsReceiver 18016328021
2022-06-17 17:31:19 [INFO ] org.springframework.amqp.rabbit.RabbitListenerEndpointContainer#0-1 Assert.java:72 com.donghua.common.exception.Assert not equals...............
2022-06-17 17:31:19 [ERROR] org.springframework.amqp.rabbit.RabbitListenerEndpointContainer#0-1 SmsServiceImpl.java:77 com.donghua.srb.sms.service.impl.SmsServiceImpl Exception阿里云短信发送sdk调用失败：null, null
2022-06-17 17:31:19 [INFO ] org.springframework.amqp.rabbit.RabbitListenerEndpointContainer#0-1 SmsReceiver.java:32 com.donghua.srb.sms.receiver.SmsReceiver SmsReceiver 消息监听.....
2022-06-17 17:31:19 [INFO ] org.springframework.amqp.rabbit.RabbitListenerEndpointContainer#0-1 SmsReceiver.java:36 com.donghua.srb.sms.receiver.SmsReceiver 18016328021
2022-06-17 17:31:19 [INFO ] org.springframework.amqp.rabbit.RabbitListenerEndpointContainer#0-1 Assert.java:72 com.donghua.common.exception.Assert not equals...............
2022-06-17 17:31:19 [ERROR] org.springframework.amqp.rabbit.RabbitListenerEndpointContainer#0-1 SmsServiceImpl.java:77 com.donghua.srb.sms.service.impl.SmsServiceImpl Exception阿里云短信发送sdk调用失败：null, null
2022-06-17 17:31:19 [INFO ] org.springframework.amqp.rabbit.RabbitListenerEndpointContainer#0-1 SmsReceiver.java:32 com.donghua.srb.sms.receiver.SmsReceiver SmsReceiver 消息监听.....
2022-06-17 17:31:19 [INFO ] org.springframework.amqp.rabbit.RabbitListenerEndpointContainer#0-1 SmsReceiver.java:36 com.donghua.srb.sms.receiver.SmsReceiver 18016328021
2022-06-17 17:31:19 [INFO ] org.springframework.amqp.rabbit.RabbitListenerEndpointContainer#0-1 Assert.java:72 com.donghua.common.exception.Assert not equals...............
2022-06-17 17:31:19 [ERROR] org.springframework.amqp.rabbit.RabbitListenerEndpointContainer#0-1 SmsServiceImpl.java:77 com.donghua.srb.sms.service.impl.SmsServiceImpl Exception阿里云短信发送sdk调用失败：null, null
2022-06-17 17:31:19 [INFO ] org.springframework.amqp.rabbit.RabbitListenerEndpointContainer#0-1 SmsReceiver.java:32 com.donghua.srb.sms.receiver.SmsReceiver SmsReceiver 消息监听.....
2022-06-17 17:31:19 [INFO ] org.springframework.amqp.rabbit.RabbitListenerEndpointContainer#0-1 SmsReceiver.java:36 com.donghua.srb.sms.receiver.SmsReceiver 18016328021
2022-06-17 17:31:19 [INFO ] org.springframework.amqp.rabbit.RabbitListenerEndpointContainer#0-1 Assert.java:72 com.donghua.common.exception.Assert not equals...............
2022-06-17 17:31:19 [ERROR] org.springframework.amqp.rabbit.RabbitListenerEndpointContainer#0-1 SmsServiceImpl.java:77 com.donghua.srb.sms.service.impl.SmsServiceImpl Exception阿里云短信发送sdk调用失败：null, null
2022-06-17 17:31:19 [INFO ] org.springframework.amqp.rabbit.RabbitListenerEndpointContainer#0-1 SmsReceiver.java:32 com.donghua.srb.sms.receiver.SmsReceiver SmsReceiver 消息监听.....
2022-06-17 17:31:19 [INFO ] org.springframework.amqp.rabbit.RabbitListenerEndpointContainer#0-1 SmsReceiver.java:36 com.donghua.srb.sms.receiver.SmsReceiver 18016328021
2022-06-17 17:31:19 [INFO ] org.springframework.amqp.rabbit.RabbitListenerEndpointContainer#0-1 Assert.java:72 com.donghua.common.exception.Assert not equals...............
2022-06-17 17:31:19 [ERROR] org.springframework.amqp.rabbit.RabbitListenerEndpointContainer#0-1 SmsServiceImpl.java:77 com.donghua.srb.sms.service.impl.SmsServiceImpl Exception阿里云短信发送sdk调用失败：null, null
2022-06-17 17:31:19 [INFO ] org.springframework.amqp.rabbit.RabbitListenerEndpointContainer#0-1 SmsReceiver.java:32 com.donghua.srb.sms.receiver.SmsReceiver SmsReceiver 消息监听.....
2022-06-17 17:31:19 [INFO ] org.springframework.amqp.rabbit.RabbitListenerEndpointContainer#0-1 SmsReceiver.java:36 com.donghua.srb.sms.receiver.SmsReceiver 18016328021
2022-06-17 17:31:19 [INFO ] org.springframework.amqp.rabbit.RabbitListenerEndpointContainer#0-1 Assert.java:72 com.donghua.common.exception.Assert not equals...............
2022-06-17 17:31:19 [ERROR] org.springframework.amqp.rabbit.RabbitListenerEndpointContainer#0-1 SmsServiceImpl.java:77 com.donghua.srb.sms.service.impl.SmsServiceImpl Exception阿里云短信发送sdk调用失败：null, null
2022-06-17 17:31:19 [INFO ] org.springframework.amqp.rabbit.RabbitListenerEndpointContainer#0-1 SmsReceiver.java:32 com.donghua.srb.sms.receiver.SmsReceiver SmsReceiver 消息监听.....
2022-06-17 17:31:19 [INFO ] org.springframework.amqp.rabbit.RabbitListenerEndpointContainer#0-1 SmsReceiver.java:36 com.donghua.srb.sms.receiver.SmsReceiver 18016328021
2022-06-17 17:31:19 [INFO ] org.springframework.amqp.rabbit.RabbitListenerEndpointContainer#0-1 Assert.java:72 com.donghua.common.exception.Assert not equals...............
2022-06-17 17:31:19 [ERROR] org.springframework.amqp.rabbit.RabbitListenerEndpointContainer#0-1 SmsServiceImpl.java:77 com.donghua.srb.sms.service.impl.SmsServiceImpl Exception阿里云短信发送sdk调用失败：null, null
2022-06-17 17:31:19 [INFO ] org.springframework.amqp.rabbit.RabbitListenerEndpointContainer#0-1 SmsReceiver.java:32 com.donghua.srb.sms.receiver.SmsReceiver SmsReceiver 消息监听.....
2022-06-17 17:31:19 [INFO ] org.springframework.amqp.rabbit.RabbitListenerEndpointContainer#0-1 SmsReceiver.java:36 com.donghua.srb.sms.receiver.SmsReceiver 18016328021
2022-06-17 17:31:19 [INFO ] org.springframework.amqp.rabbit.RabbitListenerEndpointContainer#0-1 Assert.java:72 com.donghua.common.exception.Assert not equals...............
2022-06-17 17:31:19 [ERROR] org.springframework.amqp.rabbit.RabbitListenerEndpointContainer#0-1 SmsServiceImpl.java:77 com.donghua.srb.sms.service.impl.SmsServiceImpl Exception阿里云短信发送sdk调用失败：null, null
2022-06-17 17:31:19 [INFO ] org.springframework.amqp.rabbit.RabbitListenerEndpointContainer#0-1 SmsReceiver.java:32 com.donghua.srb.sms.receiver.SmsReceiver SmsReceiver 消息监听.....
2022-06-17 17:31:19 [INFO ] org.springframework.amqp.rabbit.RabbitListenerEndpointContainer#0-1 SmsReceiver.java:36 com.donghua.srb.sms.receiver.SmsReceiver 18016328021
2022-06-17 17:31:20 [INFO ] org.springframework.amqp.rabbit.RabbitListenerEndpointContainer#0-1 Assert.java:72 com.donghua.common.exception.Assert not equals...............
2022-06-17 17:31:20 [ERROR] org.springframework.amqp.rabbit.RabbitListenerEndpointContainer#0-1 SmsServiceImpl.java:77 com.donghua.srb.sms.service.impl.SmsServiceImpl Exception阿里云短信发送sdk调用失败：null, null
2022-06-17 17:31:20 [INFO ] org.springframework.amqp.rabbit.RabbitListenerEndpointContainer#0-1 SmsReceiver.java:32 com.donghua.srb.sms.receiver.SmsReceiver SmsReceiver 消息监听.....
2022-06-17 17:31:20 [INFO ] org.springframework.amqp.rabbit.RabbitListenerEndpointContainer#0-1 SmsReceiver.java:36 com.donghua.srb.sms.receiver.SmsReceiver 18016328021
2022-06-17 17:31:20 [INFO ] org.springframework.amqp.rabbit.RabbitListenerEndpointContainer#0-1 Assert.java:72 com.donghua.common.exception.Assert not equals...............
2022-06-17 17:31:20 [ERROR] org.springframework.amqp.rabbit.RabbitListenerEndpointContainer#0-1 SmsServiceImpl.java:77 com.donghua.srb.sms.service.impl.SmsServiceImpl Exception阿里云短信发送sdk调用失败：null, null
2022-06-17 17:31:20 [INFO ] org.springframework.amqp.rabbit.RabbitListenerEndpointContainer#0-1 SmsReceiver.java:32 com.donghua.srb.sms.receiver.SmsReceiver SmsReceiver 消息监听.....
2022-06-17 17:31:20 [INFO ] org.springframework.amqp.rabbit.RabbitListenerEndpointContainer#0-1 SmsReceiver.java:36 com.donghua.srb.sms.receiver.SmsReceiver 18016328021
2022-06-17 17:31:20 [INFO ] org.springframework.amqp.rabbit.RabbitListenerEndpointContainer#0-1 Assert.java:72 com.donghua.common.exception.Assert not equals...............
2022-06-17 17:31:20 [ERROR] org.springframework.amqp.rabbit.RabbitListenerEndpointContainer#0-1 SmsServiceImpl.java:77 com.donghua.srb.sms.service.impl.SmsServiceImpl Exception阿里云短信发送sdk调用失败：null, null
2022-06-17 17:31:20 [INFO ] org.springframework.amqp.rabbit.RabbitListenerEndpointContainer#0-1 SmsReceiver.java:32 com.donghua.srb.sms.receiver.SmsReceiver SmsReceiver 消息监听.....
2022-06-17 17:31:20 [INFO ] org.springframework.amqp.rabbit.RabbitListenerEndpointContainer#0-1 SmsReceiver.java:36 com.donghua.srb.sms.receiver.SmsReceiver 18016328021
2022-06-17 17:31:20 [INFO ] org.springframework.amqp.rabbit.RabbitListenerEndpointContainer#0-1 Assert.java:72 com.donghua.common.exception.Assert not equals...............
2022-06-17 17:31:20 [ERROR] org.springframework.amqp.rabbit.RabbitListenerEndpointContainer#0-1 SmsServiceImpl.java:77 com.donghua.srb.sms.service.impl.SmsServiceImpl Exception阿里云短信发送sdk调用失败：null, null
2022-06-17 17:31:20 [INFO ] org.springframework.amqp.rabbit.RabbitListenerEndpointContainer#0-1 SmsReceiver.java:32 com.donghua.srb.sms.receiver.SmsReceiver SmsReceiver 消息监听.....
2022-06-17 17:31:20 [INFO ] org.springframework.amqp.rabbit.RabbitListenerEndpointContainer#0-1 SmsReceiver.java:36 com.donghua.srb.sms.receiver.SmsReceiver 18016328021
2022-06-17 17:31:20 [INFO ] org.springframework.amqp.rabbit.RabbitListenerEndpointContainer#0-1 Assert.java:72 com.donghua.common.exception.Assert not equals...............
2022-06-17 17:31:20 [ERROR] org.springframework.amqp.rabbit.RabbitListenerEndpointContainer#0-1 SmsServiceImpl.java:77 com.donghua.srb.sms.service.impl.SmsServiceImpl Exception阿里云短信发送sdk调用失败：null, null
2022-06-17 17:31:20 [INFO ] org.springframework.amqp.rabbit.RabbitListenerEndpointContainer#0-1 SmsReceiver.java:32 com.donghua.srb.sms.receiver.SmsReceiver SmsReceiver 消息监听.....
2022-06-17 17:31:20 [INFO ] org.springframework.amqp.rabbit.RabbitListenerEndpointContainer#0-1 SmsReceiver.java:36 com.donghua.srb.sms.receiver.SmsReceiver 18016328021
2022-06-17 17:31:20 [INFO ] org.springframework.amqp.rabbit.RabbitListenerEndpointContainer#0-1 Assert.java:72 com.donghua.common.exception.Assert not equals...............
2022-06-17 17:31:20 [ERROR] org.springframework.amqp.rabbit.RabbitListenerEndpointContainer#0-1 SmsServiceImpl.java:77 com.donghua.srb.sms.service.impl.SmsServiceImpl Exception阿里云短信发送sdk调用失败：null, null
2022-06-17 17:31:20 [INFO ] org.springframework.amqp.rabbit.RabbitListenerEndpointContainer#0-1 SmsReceiver.java:32 com.donghua.srb.sms.receiver.SmsReceiver SmsReceiver 消息监听.....
2022-06-17 17:31:20 [INFO ] org.springframework.amqp.rabbit.RabbitListenerEndpointContainer#0-1 SmsReceiver.java:36 com.donghua.srb.sms.receiver.SmsReceiver 18016328021
2022-06-17 17:31:20 [INFO ] org.springframework.amqp.rabbit.RabbitListenerEndpointContainer#0-1 Assert.java:72 com.donghua.common.exception.Assert not equals...............
2022-06-17 17:31:20 [ERROR] org.springframework.amqp.rabbit.RabbitListenerEndpointContainer#0-1 SmsServiceImpl.java:77 com.donghua.srb.sms.service.impl.SmsServiceImpl Exception阿里云短信发送sdk调用失败：null, null
2022-06-17 17:31:20 [INFO ] org.springframework.amqp.rabbit.RabbitListenerEndpointContainer#0-1 SmsReceiver.java:32 com.donghua.srb.sms.receiver.SmsReceiver SmsReceiver 消息监听.....
2022-06-17 17:31:20 [INFO ] org.springframework.amqp.rabbit.RabbitListenerEndpointContainer#0-1 SmsReceiver.java:36 com.donghua.srb.sms.receiver.SmsReceiver 18016328021
2022-06-17 17:31:20 [INFO ] org.springframework.amqp.rabbit.RabbitListenerEndpointContainer#0-1 Assert.java:72 com.donghua.common.exception.Assert not equals...............
2022-06-17 17:31:20 [ERROR] org.springframework.amqp.rabbit.RabbitListenerEndpointContainer#0-1 SmsServiceImpl.java:77 com.donghua.srb.sms.service.impl.SmsServiceImpl Exception阿里云短信发送sdk调用失败：null, null
2022-06-17 17:31:20 [INFO ] org.springframework.amqp.rabbit.RabbitListenerEndpointContainer#0-1 SmsReceiver.java:32 com.donghua.srb.sms.receiver.SmsReceiver SmsReceiver 消息监听.....
2022-06-17 17:31:20 [INFO ] org.springframework.amqp.rabbit.RabbitListenerEndpointContainer#0-1 SmsReceiver.java:36 com.donghua.srb.sms.receiver.SmsReceiver 18016328021
2022-06-17 17:31:20 [INFO ] org.springframework.amqp.rabbit.RabbitListenerEndpointContainer#0-1 Assert.java:72 com.donghua.common.exception.Assert not equals...............
2022-06-17 17:31:20 [ERROR] org.springframework.amqp.rabbit.RabbitListenerEndpointContainer#0-1 SmsServiceImpl.java:77 com.donghua.srb.sms.service.impl.SmsServiceImpl Exception阿里云短信发送sdk调用失败：null, null
2022-06-17 17:31:20 [INFO ] org.springframework.amqp.rabbit.RabbitListenerEndpointContainer#0-1 SmsReceiver.java:32 com.donghua.srb.sms.receiver.SmsReceiver SmsReceiver 消息监听.....
2022-06-17 17:31:20 [INFO ] org.springframework.amqp.rabbit.RabbitListenerEndpointContainer#0-1 SmsReceiver.java:36 com.donghua.srb.sms.receiver.SmsReceiver 18016328021
2022-06-17 17:31:20 [INFO ] org.springframework.amqp.rabbit.RabbitListenerEndpointContainer#0-1 Assert.java:72 com.donghua.common.exception.Assert not equals...............
2022-06-17 17:31:20 [ERROR] org.springframework.amqp.rabbit.RabbitListenerEndpointContainer#0-1 SmsServiceImpl.java:77 com.donghua.srb.sms.service.impl.SmsServiceImpl Exception阿里云短信发送sdk调用失败：null, null
2022-06-17 17:31:20 [INFO ] org.springframework.amqp.rabbit.RabbitListenerEndpointContainer#0-1 SmsReceiver.java:32 com.donghua.srb.sms.receiver.SmsReceiver SmsReceiver 消息监听.....
2022-06-17 17:31:20 [INFO ] org.springframework.amqp.rabbit.RabbitListenerEndpointContainer#0-1 SmsReceiver.java:36 com.donghua.srb.sms.receiver.SmsReceiver 18016328021
2022-06-17 17:31:20 [INFO ] org.springframework.amqp.rabbit.RabbitListenerEndpointContainer#0-1 Assert.java:72 com.donghua.common.exception.Assert not equals...............
2022-06-17 17:31:20 [ERROR] org.springframework.amqp.rabbit.RabbitListenerEndpointContainer#0-1 SmsServiceImpl.java:77 com.donghua.srb.sms.service.impl.SmsServiceImpl Exception阿里云短信发送sdk调用失败：null, null
2022-06-17 17:31:20 [INFO ] org.springframework.amqp.rabbit.RabbitListenerEndpointContainer#0-1 SmsReceiver.java:32 com.donghua.srb.sms.receiver.SmsReceiver SmsReceiver 消息监听.....
2022-06-17 17:31:20 [INFO ] org.springframework.amqp.rabbit.RabbitListenerEndpointContainer#0-1 SmsReceiver.java:36 com.donghua.srb.sms.receiver.SmsReceiver 18016328021
2022-06-17 17:31:21 [INFO ] org.springframework.amqp.rabbit.RabbitListenerEndpointContainer#0-1 Assert.java:72 com.donghua.common.exception.Assert not equals...............
2022-06-17 17:31:21 [ERROR] org.springframework.amqp.rabbit.RabbitListenerEndpointContainer#0-1 SmsServiceImpl.java:77 com.donghua.srb.sms.service.impl.SmsServiceImpl Exception阿里云短信发送sdk调用失败：null, null
2022-06-17 17:31:21 [INFO ] org.springframework.amqp.rabbit.RabbitListenerEndpointContainer#0-1 SmsReceiver.java:32 com.donghua.srb.sms.receiver.SmsReceiver SmsReceiver 消息监听.....
2022-06-17 17:31:21 [INFO ] org.springframework.amqp.rabbit.RabbitListenerEndpointContainer#0-1 SmsReceiver.java:36 com.donghua.srb.sms.receiver.SmsReceiver 18016328021
2022-06-17 17:31:21 [INFO ] org.springframework.amqp.rabbit.RabbitListenerEndpointContainer#0-1 Assert.java:72 com.donghua.common.exception.Assert not equals...............
2022-06-17 17:31:21 [ERROR] org.springframework.amqp.rabbit.RabbitListenerEndpointContainer#0-1 SmsServiceImpl.java:77 com.donghua.srb.sms.service.impl.SmsServiceImpl Exception阿里云短信发送sdk调用失败：null, null
2022-06-17 17:31:21 [INFO ] org.springframework.amqp.rabbit.RabbitListenerEndpointContainer#0-1 SmsReceiver.java:32 com.donghua.srb.sms.receiver.SmsReceiver SmsReceiver 消息监听.....
2022-06-17 17:31:21 [INFO ] org.springframework.amqp.rabbit.RabbitListenerEndpointContainer#0-1 SmsReceiver.java:36 com.donghua.srb.sms.receiver.SmsReceiver 18016328021
2022-06-17 17:31:21 [INFO ] org.springframework.amqp.rabbit.RabbitListenerEndpointContainer#0-1 Assert.java:72 com.donghua.common.exception.Assert not equals...............
2022-06-17 17:31:21 [ERROR] org.springframework.amqp.rabbit.RabbitListenerEndpointContainer#0-1 SmsServiceImpl.java:77 com.donghua.srb.sms.service.impl.SmsServiceImpl Exception阿里云短信发送sdk调用失败：null, null
2022-06-17 17:31:21 [INFO ] org.springframework.amqp.rabbit.RabbitListenerEndpointContainer#0-1 SmsReceiver.java:32 com.donghua.srb.sms.receiver.SmsReceiver SmsReceiver 消息监听.....
2022-06-17 17:31:21 [INFO ] org.springframework.amqp.rabbit.RabbitListenerEndpointContainer#0-1 SmsReceiver.java:36 com.donghua.srb.sms.receiver.SmsReceiver 18016328021
2022-06-17 17:31:21 [INFO ] org.springframework.amqp.rabbit.RabbitListenerEndpointContainer#0-1 Assert.java:72 com.donghua.common.exception.Assert not equals...............
2022-06-17 17:31:21 [ERROR] org.springframework.amqp.rabbit.RabbitListenerEndpointContainer#0-1 SmsServiceImpl.java:77 com.donghua.srb.sms.service.impl.SmsServiceImpl Exception阿里云短信发送sdk调用失败：null, null
2022-06-17 17:31:21 [INFO ] org.springframework.amqp.rabbit.RabbitListenerEndpointContainer#0-1 SmsReceiver.java:32 com.donghua.srb.sms.receiver.SmsReceiver SmsReceiver 消息监听.....
2022-06-17 17:31:21 [INFO ] org.springframework.amqp.rabbit.RabbitListenerEndpointContainer#0-1 SmsReceiver.java:36 com.donghua.srb.sms.receiver.SmsReceiver 18016328021
2022-06-17 17:31:21 [INFO ] org.springframework.amqp.rabbit.RabbitListenerEndpointContainer#0-1 Assert.java:72 com.donghua.common.exception.Assert not equals...............
2022-06-17 17:31:21 [ERROR] org.springframework.amqp.rabbit.RabbitListenerEndpointContainer#0-1 SmsServiceImpl.java:77 com.donghua.srb.sms.service.impl.SmsServiceImpl Exception阿里云短信发送sdk调用失败：null, null
2022-06-17 17:31:21 [INFO ] org.springframework.amqp.rabbit.RabbitListenerEndpointContainer#0-1 SmsReceiver.java:32 com.donghua.srb.sms.receiver.SmsReceiver SmsReceiver 消息监听.....
2022-06-17 17:31:21 [INFO ] org.springframework.amqp.rabbit.RabbitListenerEndpointContainer#0-1 SmsReceiver.java:36 com.donghua.srb.sms.receiver.SmsReceiver 18016328021
2022-06-17 17:31:21 [INFO ] org.springframework.amqp.rabbit.RabbitListenerEndpointContainer#0-1 Assert.java:72 com.donghua.common.exception.Assert not equals...............
2022-06-17 17:31:21 [ERROR] org.springframework.amqp.rabbit.RabbitListenerEndpointContainer#0-1 SmsServiceImpl.java:77 com.donghua.srb.sms.service.impl.SmsServiceImpl Exception阿里云短信发送sdk调用失败：null, null
2022-06-17 17:31:21 [INFO ] org.springframework.amqp.rabbit.RabbitListenerEndpointContainer#0-1 SmsReceiver.java:32 com.donghua.srb.sms.receiver.SmsReceiver SmsReceiver 消息监听.....
2022-06-17 17:31:21 [INFO ] org.springframework.amqp.rabbit.RabbitListenerEndpointContainer#0-1 SmsReceiver.java:36 com.donghua.srb.sms.receiver.SmsReceiver 18016328021
2022-06-17 17:31:21 [INFO ] org.springframework.amqp.rabbit.RabbitListenerEndpointContainer#0-1 Assert.java:72 com.donghua.common.exception.Assert not equals...............
2022-06-17 17:31:21 [ERROR] org.springframework.amqp.rabbit.RabbitListenerEndpointContainer#0-1 SmsServiceImpl.java:77 com.donghua.srb.sms.service.impl.SmsServiceImpl Exception阿里云短信发送sdk调用失败：null, null
2022-06-17 17:31:21 [INFO ] org.springframework.amqp.rabbit.RabbitListenerEndpointContainer#0-1 SmsReceiver.java:32 com.donghua.srb.sms.receiver.SmsReceiver SmsReceiver 消息监听.....
2022-06-17 17:31:21 [INFO ] org.springframework.amqp.rabbit.RabbitListenerEndpointContainer#0-1 SmsReceiver.java:36 com.donghua.srb.sms.receiver.SmsReceiver 18016328021
2022-06-17 17:31:21 [INFO ] org.springframework.amqp.rabbit.RabbitListenerEndpointContainer#0-1 Assert.java:72 com.donghua.common.exception.Assert not equals...............
2022-06-17 17:31:21 [ERROR] org.springframework.amqp.rabbit.RabbitListenerEndpointContainer#0-1 SmsServiceImpl.java:77 com.donghua.srb.sms.service.impl.SmsServiceImpl Exception阿里云短信发送sdk调用失败：null, null
2022-06-17 17:31:21 [INFO ] org.springframework.amqp.rabbit.RabbitListenerEndpointContainer#0-1 SmsReceiver.java:32 com.donghua.srb.sms.receiver.SmsReceiver SmsReceiver 消息监听.....
2022-06-17 17:31:21 [INFO ] org.springframework.amqp.rabbit.RabbitListenerEndpointContainer#0-1 SmsReceiver.java:36 com.donghua.srb.sms.receiver.SmsReceiver 18016328021
2022-06-17 17:31:21 [INFO ] org.springframework.amqp.rabbit.RabbitListenerEndpointContainer#0-1 Assert.java:72 com.donghua.common.exception.Assert not equals...............
2022-06-17 17:31:21 [ERROR] org.springframework.amqp.rabbit.RabbitListenerEndpointContainer#0-1 SmsServiceImpl.java:77 com.donghua.srb.sms.service.impl.SmsServiceImpl Exception阿里云短信发送sdk调用失败：null, null
2022-06-17 17:31:21 [INFO ] org.springframework.amqp.rabbit.RabbitListenerEndpointContainer#0-1 SmsReceiver.java:32 com.donghua.srb.sms.receiver.SmsReceiver SmsReceiver 消息监听.....
2022-06-17 17:31:21 [INFO ] org.springframework.amqp.rabbit.RabbitListenerEndpointContainer#0-1 SmsReceiver.java:36 com.donghua.srb.sms.receiver.SmsReceiver 18016328021
2022-06-17 17:31:21 [INFO ] org.springframework.amqp.rabbit.RabbitListenerEndpointContainer#0-1 Assert.java:72 com.donghua.common.exception.Assert not equals...............
2022-06-17 17:31:21 [ERROR] org.springframework.amqp.rabbit.RabbitListenerEndpointContainer#0-1 SmsServiceImpl.java:77 com.donghua.srb.sms.service.impl.SmsServiceImpl Exception阿里云短信发送sdk调用失败：null, null
2022-06-17 17:31:21 [INFO ] org.springframework.amqp.rabbit.RabbitListenerEndpointContainer#0-1 SmsReceiver.java:32 com.donghua.srb.sms.receiver.SmsReceiver SmsReceiver 消息监听.....
2022-06-17 17:31:21 [INFO ] org.springframework.amqp.rabbit.RabbitListenerEndpointContainer#0-1 SmsReceiver.java:36 com.donghua.srb.sms.receiver.SmsReceiver 18016328021
2022-06-17 17:31:21 [INFO ] org.springframework.amqp.rabbit.RabbitListenerEndpointContainer#0-1 Assert.java:72 com.donghua.common.exception.Assert not equals...............
2022-06-17 17:31:21 [ERROR] org.springframework.amqp.rabbit.RabbitListenerEndpointContainer#0-1 SmsServiceImpl.java:77 com.donghua.srb.sms.service.impl.SmsServiceImpl Exception阿里云短信发送sdk调用失败：null, null
2022-06-17 17:31:21 [INFO ] org.springframework.amqp.rabbit.RabbitListenerEndpointContainer#0-1 SmsReceiver.java:32 com.donghua.srb.sms.receiver.SmsReceiver SmsReceiver 消息监听.....
2022-06-17 17:31:21 [INFO ] org.springframework.amqp.rabbit.RabbitListenerEndpointContainer#0-1 SmsReceiver.java:36 com.donghua.srb.sms.receiver.SmsReceiver 18016328021
2022-06-17 17:31:22 [INFO ] org.springframework.amqp.rabbit.RabbitListenerEndpointContainer#0-1 Assert.java:72 com.donghua.common.exception.Assert not equals...............
2022-06-17 17:31:22 [ERROR] org.springframework.amqp.rabbit.RabbitListenerEndpointContainer#0-1 SmsServiceImpl.java:77 com.donghua.srb.sms.service.impl.SmsServiceImpl Exception阿里云短信发送sdk调用失败：null, null
2022-06-17 17:31:22 [INFO ] org.springframework.amqp.rabbit.RabbitListenerEndpointContainer#0-1 SmsReceiver.java:32 com.donghua.srb.sms.receiver.SmsReceiver SmsReceiver 消息监听.....
2022-06-17 17:31:22 [INFO ] org.springframework.amqp.rabbit.RabbitListenerEndpointContainer#0-1 SmsReceiver.java:36 com.donghua.srb.sms.receiver.SmsReceiver 18016328021
2022-06-17 17:31:22 [INFO ] org.springframework.amqp.rabbit.RabbitListenerEndpointContainer#0-1 Assert.java:72 com.donghua.common.exception.Assert not equals...............
2022-06-17 17:31:22 [ERROR] org.springframework.amqp.rabbit.RabbitListenerEndpointContainer#0-1 SmsServiceImpl.java:77 com.donghua.srb.sms.service.impl.SmsServiceImpl Exception阿里云短信发送sdk调用失败：null, null
2022-06-17 17:31:22 [INFO ] org.springframework.amqp.rabbit.RabbitListenerEndpointContainer#0-1 SmsReceiver.java:32 com.donghua.srb.sms.receiver.SmsReceiver SmsReceiver 消息监听.....
2022-06-17 17:31:22 [INFO ] org.springframework.amqp.rabbit.RabbitListenerEndpointContainer#0-1 SmsReceiver.java:36 com.donghua.srb.sms.receiver.SmsReceiver 18016328021
2022-06-17 17:31:22 [INFO ] org.springframework.amqp.rabbit.RabbitListenerEndpointContainer#0-1 Assert.java:72 com.donghua.common.exception.Assert not equals...............
2022-06-17 17:31:22 [ERROR] org.springframework.amqp.rabbit.RabbitListenerEndpointContainer#0-1 SmsServiceImpl.java:77 com.donghua.srb.sms.service.impl.SmsServiceImpl Exception阿里云短信发送sdk调用失败：null, null
2022-06-17 17:31:22 [INFO ] org.springframework.amqp.rabbit.RabbitListenerEndpointContainer#0-1 SmsReceiver.java:32 com.donghua.srb.sms.receiver.SmsReceiver SmsReceiver 消息监听.....
2022-06-17 17:31:22 [INFO ] org.springframework.amqp.rabbit.RabbitListenerEndpointContainer#0-1 SmsReceiver.java:36 com.donghua.srb.sms.receiver.SmsReceiver 18016328021
2022-06-17 17:31:22 [INFO ] org.springframework.amqp.rabbit.RabbitListenerEndpointContainer#0-1 Assert.java:72 com.donghua.common.exception.Assert not equals...............
2022-06-17 17:31:22 [ERROR] org.springframework.amqp.rabbit.RabbitListenerEndpointContainer#0-1 SmsServiceImpl.java:77 com.donghua.srb.sms.service.impl.SmsServiceImpl Exception阿里云短信发送sdk调用失败：null, null
2022-06-17 17:34:25 [INFO ] main SpringApplication.java:655 com.donghua.srb.sms.ServiceSmsApplication The following profiles are active: dev
2022-06-17 17:34:33 [INFO ] org.springframework.amqp.rabbit.RabbitListenerEndpointContainer#0-1 SmsReceiver.java:32 com.donghua.srb.sms.receiver.SmsReceiver SmsReceiver 消息监听.....
2022-06-17 17:34:33 [INFO ] org.springframework.amqp.rabbit.RabbitListenerEndpointContainer#0-1 SmsReceiver.java:36 com.donghua.srb.sms.receiver.SmsReceiver 18016328021
2022-06-17 17:34:33 [INFO ] main StartupInfoLogger.java:61 com.donghua.srb.sms.ServiceSmsApplication Started ServiceSmsApplication in 11.441 seconds (JVM running for 13.319)
2022-06-17 17:34:34 [INFO ] org.springframework.amqp.rabbit.RabbitListenerEndpointContainer#0-1 Assert.java:72 com.donghua.common.exception.Assert not equals...............
2022-06-17 17:34:34 [ERROR] org.springframework.amqp.rabbit.RabbitListenerEndpointContainer#0-1 SmsServiceImpl.java:77 com.donghua.srb.sms.service.impl.SmsServiceImpl Exception阿里云短信发送sdk调用失败：null, null
2022-06-17 17:34:34 [INFO ] org.springframework.amqp.rabbit.RabbitListenerEndpointContainer#0-1 SmsReceiver.java:32 com.donghua.srb.sms.receiver.SmsReceiver SmsReceiver 消息监听.....
2022-06-17 17:34:34 [INFO ] org.springframework.amqp.rabbit.RabbitListenerEndpointContainer#0-1 SmsReceiver.java:36 com.donghua.srb.sms.receiver.SmsReceiver 18016328021
2022-06-17 17:34:34 [INFO ] org.springframework.amqp.rabbit.RabbitListenerEndpointContainer#0-1 Assert.java:72 com.donghua.common.exception.Assert not equals...............
2022-06-17 17:34:34 [ERROR] org.springframework.amqp.rabbit.RabbitListenerEndpointContainer#0-1 SmsServiceImpl.java:77 com.donghua.srb.sms.service.impl.SmsServiceImpl Exception阿里云短信发送sdk调用失败：null, null
2022-06-17 17:34:34 [INFO ] org.springframework.amqp.rabbit.RabbitListenerEndpointContainer#0-1 SmsReceiver.java:32 com.donghua.srb.sms.receiver.SmsReceiver SmsReceiver 消息监听.....
2022-06-17 17:34:34 [INFO ] org.springframework.amqp.rabbit.RabbitListenerEndpointContainer#0-1 SmsReceiver.java:36 com.donghua.srb.sms.receiver.SmsReceiver 18016328021
2022-06-17 17:34:34 [INFO ] org.springframework.amqp.rabbit.RabbitListenerEndpointContainer#0-1 Assert.java:72 com.donghua.common.exception.Assert not equals...............
2022-06-17 17:34:34 [ERROR] org.springframework.amqp.rabbit.RabbitListenerEndpointContainer#0-1 SmsServiceImpl.java:77 com.donghua.srb.sms.service.impl.SmsServiceImpl Exception阿里云短信发送sdk调用失败：null, null
2022-06-17 17:34:34 [INFO ] org.springframework.amqp.rabbit.RabbitListenerEndpointContainer#0-1 SmsReceiver.java:32 com.donghua.srb.sms.receiver.SmsReceiver SmsReceiver 消息监听.....
2022-06-17 17:34:34 [INFO ] org.springframework.amqp.rabbit.RabbitListenerEndpointContainer#0-1 SmsReceiver.java:36 com.donghua.srb.sms.receiver.SmsReceiver 18016328021
2022-06-17 17:34:34 [INFO ] org.springframework.amqp.rabbit.RabbitListenerEndpointContainer#0-1 Assert.java:72 com.donghua.common.exception.Assert not equals...............
2022-06-17 17:34:34 [ERROR] org.springframework.amqp.rabbit.RabbitListenerEndpointContainer#0-1 SmsServiceImpl.java:77 com.donghua.srb.sms.service.impl.SmsServiceImpl Exception阿里云短信发送sdk调用失败：null, null
2022-06-17 17:34:34 [INFO ] org.springframework.amqp.rabbit.RabbitListenerEndpointContainer#0-1 SmsReceiver.java:32 com.donghua.srb.sms.receiver.SmsReceiver SmsReceiver 消息监听.....
2022-06-17 17:34:34 [INFO ] org.springframework.amqp.rabbit.RabbitListenerEndpointContainer#0-1 SmsReceiver.java:36 com.donghua.srb.sms.receiver.SmsReceiver 18016328021
2022-06-17 17:34:34 [INFO ] org.springframework.amqp.rabbit.RabbitListenerEndpointContainer#0-1 Assert.java:72 com.donghua.common.exception.Assert not equals...............
2022-06-17 17:34:34 [ERROR] org.springframework.amqp.rabbit.RabbitListenerEndpointContainer#0-1 SmsServiceImpl.java:77 com.donghua.srb.sms.service.impl.SmsServiceImpl Exception阿里云短信发送sdk调用失败：null, null
2022-06-17 17:34:34 [INFO ] org.springframework.amqp.rabbit.RabbitListenerEndpointContainer#0-1 SmsReceiver.java:32 com.donghua.srb.sms.receiver.SmsReceiver SmsReceiver 消息监听.....
2022-06-17 17:34:34 [INFO ] org.springframework.amqp.rabbit.RabbitListenerEndpointContainer#0-1 SmsReceiver.java:36 com.donghua.srb.sms.receiver.SmsReceiver 18016328021
2022-06-17 17:34:34 [INFO ] org.springframework.amqp.rabbit.RabbitListenerEndpointContainer#0-1 Assert.java:72 com.donghua.common.exception.Assert not equals...............
2022-06-17 17:34:34 [ERROR] org.springframework.amqp.rabbit.RabbitListenerEndpointContainer#0-1 SmsServiceImpl.java:77 com.donghua.srb.sms.service.impl.SmsServiceImpl Exception阿里云短信发送sdk调用失败：null, null
2022-06-17 17:34:34 [INFO ] org.springframework.amqp.rabbit.RabbitListenerEndpointContainer#0-1 SmsReceiver.java:32 com.donghua.srb.sms.receiver.SmsReceiver SmsReceiver 消息监听.....
2022-06-17 17:34:34 [INFO ] org.springframework.amqp.rabbit.RabbitListenerEndpointContainer#0-1 SmsReceiver.java:36 com.donghua.srb.sms.receiver.SmsReceiver 18016328021
2022-06-17 17:34:34 [INFO ] org.springframework.amqp.rabbit.RabbitListenerEndpointContainer#0-1 Assert.java:72 com.donghua.common.exception.Assert not equals...............
2022-06-17 17:34:34 [ERROR] org.springframework.amqp.rabbit.RabbitListenerEndpointContainer#0-1 SmsServiceImpl.java:77 com.donghua.srb.sms.service.impl.SmsServiceImpl Exception阿里云短信发送sdk调用失败：null, null
2022-06-17 17:34:34 [INFO ] org.springframework.amqp.rabbit.RabbitListenerEndpointContainer#0-1 SmsReceiver.java:32 com.donghua.srb.sms.receiver.SmsReceiver SmsReceiver 消息监听.....
2022-06-17 17:34:34 [INFO ] org.springframework.amqp.rabbit.RabbitListenerEndpointContainer#0-1 SmsReceiver.java:36 com.donghua.srb.sms.receiver.SmsReceiver 18016328021
2022-06-17 17:34:34 [INFO ] org.springframework.amqp.rabbit.RabbitListenerEndpointContainer#0-1 Assert.java:72 com.donghua.common.exception.Assert not equals...............
2022-06-17 17:34:34 [ERROR] org.springframework.amqp.rabbit.RabbitListenerEndpointContainer#0-1 SmsServiceImpl.java:77 com.donghua.srb.sms.service.impl.SmsServiceImpl Exception阿里云短信发送sdk调用失败：null, null
2022-06-17 17:34:34 [INFO ] org.springframework.amqp.rabbit.RabbitListenerEndpointContainer#0-1 SmsReceiver.java:32 com.donghua.srb.sms.receiver.SmsReceiver SmsReceiver 消息监听.....
2022-06-17 17:34:34 [INFO ] org.springframework.amqp.rabbit.RabbitListenerEndpointContainer#0-1 SmsReceiver.java:36 com.donghua.srb.sms.receiver.SmsReceiver 18016328021
2022-06-17 17:34:34 [INFO ] org.springframework.amqp.rabbit.RabbitListenerEndpointContainer#0-1 Assert.java:72 com.donghua.common.exception.Assert not equals...............
2022-06-17 17:34:34 [ERROR] org.springframework.amqp.rabbit.RabbitListenerEndpointContainer#0-1 SmsServiceImpl.java:77 com.donghua.srb.sms.service.impl.SmsServiceImpl Exception阿里云短信发送sdk调用失败：null, null
2022-06-17 17:34:34 [INFO ] org.springframework.amqp.rabbit.RabbitListenerEndpointContainer#0-1 SmsReceiver.java:32 com.donghua.srb.sms.receiver.SmsReceiver SmsReceiver 消息监听.....
2022-06-17 17:34:34 [INFO ] org.springframework.amqp.rabbit.RabbitListenerEndpointContainer#0-1 SmsReceiver.java:36 com.donghua.srb.sms.receiver.SmsReceiver 18016328021
2022-06-17 17:34:34 [INFO ] org.springframework.amqp.rabbit.RabbitListenerEndpointContainer#0-1 Assert.java:72 com.donghua.common.exception.Assert not equals...............
2022-06-17 17:34:34 [ERROR] org.springframework.amqp.rabbit.RabbitListenerEndpointContainer#0-1 SmsServiceImpl.java:77 com.donghua.srb.sms.service.impl.SmsServiceImpl Exception阿里云短信发送sdk调用失败：null, null
2022-06-17 17:34:35 [INFO ] org.springframework.amqp.rabbit.RabbitListenerEndpointContainer#0-1 SmsReceiver.java:32 com.donghua.srb.sms.receiver.SmsReceiver SmsReceiver 消息监听.....
2022-06-17 17:34:35 [INFO ] org.springframework.amqp.rabbit.RabbitListenerEndpointContainer#0-1 SmsReceiver.java:36 com.donghua.srb.sms.receiver.SmsReceiver 18016328021
2022-06-17 17:34:35 [INFO ] org.springframework.amqp.rabbit.RabbitListenerEndpointContainer#0-1 Assert.java:72 com.donghua.common.exception.Assert not equals...............
2022-06-17 17:34:35 [ERROR] org.springframework.amqp.rabbit.RabbitListenerEndpointContainer#0-1 SmsServiceImpl.java:77 com.donghua.srb.sms.service.impl.SmsServiceImpl Exception阿里云短信发送sdk调用失败：null, null
2022-06-17 17:34:35 [INFO ] org.springframework.amqp.rabbit.RabbitListenerEndpointContainer#0-1 SmsReceiver.java:32 com.donghua.srb.sms.receiver.SmsReceiver SmsReceiver 消息监听.....
2022-06-17 17:34:35 [INFO ] org.springframework.amqp.rabbit.RabbitListenerEndpointContainer#0-1 SmsReceiver.java:36 com.donghua.srb.sms.receiver.SmsReceiver 18016328021
2022-06-17 17:34:35 [INFO ] org.springframework.amqp.rabbit.RabbitListenerEndpointContainer#0-1 Assert.java:72 com.donghua.common.exception.Assert not equals...............
2022-06-17 17:34:35 [ERROR] org.springframework.amqp.rabbit.RabbitListenerEndpointContainer#0-1 SmsServiceImpl.java:77 com.donghua.srb.sms.service.impl.SmsServiceImpl Exception阿里云短信发送sdk调用失败：null, null
2022-06-17 17:34:35 [INFO ] org.springframework.amqp.rabbit.RabbitListenerEndpointContainer#0-1 SmsReceiver.java:32 com.donghua.srb.sms.receiver.SmsReceiver SmsReceiver 消息监听.....
2022-06-17 17:34:35 [INFO ] org.springframework.amqp.rabbit.RabbitListenerEndpointContainer#0-1 SmsReceiver.java:36 com.donghua.srb.sms.receiver.SmsReceiver 18016328021
2022-06-17 17:34:35 [INFO ] org.springframework.amqp.rabbit.RabbitListenerEndpointContainer#0-1 Assert.java:72 com.donghua.common.exception.Assert not equals...............
2022-06-17 17:34:35 [ERROR] org.springframework.amqp.rabbit.RabbitListenerEndpointContainer#0-1 SmsServiceImpl.java:77 com.donghua.srb.sms.service.impl.SmsServiceImpl Exception阿里云短信发送sdk调用失败：null, null
2022-06-17 17:34:35 [INFO ] org.springframework.amqp.rabbit.RabbitListenerEndpointContainer#0-1 SmsReceiver.java:32 com.donghua.srb.sms.receiver.SmsReceiver SmsReceiver 消息监听.....
2022-06-17 17:34:35 [INFO ] org.springframework.amqp.rabbit.RabbitListenerEndpointContainer#0-1 SmsReceiver.java:36 com.donghua.srb.sms.receiver.SmsReceiver 18016328021
2022-06-17 17:34:35 [INFO ] org.springframework.amqp.rabbit.RabbitListenerEndpointContainer#0-1 Assert.java:72 com.donghua.common.exception.Assert not equals...............
2022-06-17 17:34:35 [ERROR] org.springframework.amqp.rabbit.RabbitListenerEndpointContainer#0-1 SmsServiceImpl.java:77 com.donghua.srb.sms.service.impl.SmsServiceImpl Exception阿里云短信发送sdk调用失败：null, null
2022-06-17 17:34:35 [INFO ] org.springframework.amqp.rabbit.RabbitListenerEndpointContainer#0-1 SmsReceiver.java:32 com.donghua.srb.sms.receiver.SmsReceiver SmsReceiver 消息监听.....
2022-06-17 17:34:35 [INFO ] org.springframework.amqp.rabbit.RabbitListenerEndpointContainer#0-1 SmsReceiver.java:36 com.donghua.srb.sms.receiver.SmsReceiver 18016328021
2022-06-17 17:34:35 [INFO ] org.springframework.amqp.rabbit.RabbitListenerEndpointContainer#0-1 Assert.java:72 com.donghua.common.exception.Assert not equals...............
2022-06-17 17:34:35 [ERROR] org.springframework.amqp.rabbit.RabbitListenerEndpointContainer#0-1 SmsServiceImpl.java:77 com.donghua.srb.sms.service.impl.SmsServiceImpl Exception阿里云短信发送sdk调用失败：null, null
2022-06-17 17:34:35 [INFO ] org.springframework.amqp.rabbit.RabbitListenerEndpointContainer#0-1 SmsReceiver.java:32 com.donghua.srb.sms.receiver.SmsReceiver SmsReceiver 消息监听.....
2022-06-17 17:34:35 [INFO ] org.springframework.amqp.rabbit.RabbitListenerEndpointContainer#0-1 SmsReceiver.java:36 com.donghua.srb.sms.receiver.SmsReceiver 18016328021
2022-06-17 17:34:35 [INFO ] org.springframework.amqp.rabbit.RabbitListenerEndpointContainer#0-1 Assert.java:72 com.donghua.common.exception.Assert not equals...............
2022-06-17 17:34:35 [ERROR] org.springframework.amqp.rabbit.RabbitListenerEndpointContainer#0-1 SmsServiceImpl.java:77 com.donghua.srb.sms.service.impl.SmsServiceImpl Exception阿里云短信发送sdk调用失败：null, null
2022-06-17 17:34:35 [INFO ] org.springframework.amqp.rabbit.RabbitListenerEndpointContainer#0-1 SmsReceiver.java:32 com.donghua.srb.sms.receiver.SmsReceiver SmsReceiver 消息监听.....
2022-06-17 17:34:35 [INFO ] org.springframework.amqp.rabbit.RabbitListenerEndpointContainer#0-1 SmsReceiver.java:36 com.donghua.srb.sms.receiver.SmsReceiver 18016328021
2022-06-17 17:34:35 [INFO ] org.springframework.amqp.rabbit.RabbitListenerEndpointContainer#0-1 Assert.java:72 com.donghua.common.exception.Assert not equals...............
2022-06-17 17:34:35 [ERROR] org.springframework.amqp.rabbit.RabbitListenerEndpointContainer#0-1 SmsServiceImpl.java:77 com.donghua.srb.sms.service.impl.SmsServiceImpl Exception阿里云短信发送sdk调用失败：null, null
2022-06-17 17:34:35 [INFO ] org.springframework.amqp.rabbit.RabbitListenerEndpointContainer#0-1 SmsReceiver.java:32 com.donghua.srb.sms.receiver.SmsReceiver SmsReceiver 消息监听.....
2022-06-17 17:34:35 [INFO ] org.springframework.amqp.rabbit.RabbitListenerEndpointContainer#0-1 SmsReceiver.java:36 com.donghua.srb.sms.receiver.SmsReceiver 18016328021
2022-06-17 17:34:35 [INFO ] org.springframework.amqp.rabbit.RabbitListenerEndpointContainer#0-1 Assert.java:72 com.donghua.common.exception.Assert not equals...............
2022-06-17 17:34:35 [ERROR] org.springframework.amqp.rabbit.RabbitListenerEndpointContainer#0-1 SmsServiceImpl.java:77 com.donghua.srb.sms.service.impl.SmsServiceImpl Exception阿里云短信发送sdk调用失败：null, null
2022-06-17 17:34:35 [INFO ] org.springframework.amqp.rabbit.RabbitListenerEndpointContainer#0-1 SmsReceiver.java:32 com.donghua.srb.sms.receiver.SmsReceiver SmsReceiver 消息监听.....
2022-06-17 17:34:35 [INFO ] org.springframework.amqp.rabbit.RabbitListenerEndpointContainer#0-1 SmsReceiver.java:36 com.donghua.srb.sms.receiver.SmsReceiver 18016328021
2022-06-17 17:34:35 [INFO ] org.springframework.amqp.rabbit.RabbitListenerEndpointContainer#0-1 Assert.java:72 com.donghua.common.exception.Assert not equals...............
2022-06-17 17:34:35 [ERROR] org.springframework.amqp.rabbit.RabbitListenerEndpointContainer#0-1 SmsServiceImpl.java:77 com.donghua.srb.sms.service.impl.SmsServiceImpl Exception阿里云短信发送sdk调用失败：null, null
2022-06-17 17:34:35 [INFO ] org.springframework.amqp.rabbit.RabbitListenerEndpointContainer#0-1 SmsReceiver.java:32 com.donghua.srb.sms.receiver.SmsReceiver SmsReceiver 消息监听.....
2022-06-17 17:34:35 [INFO ] org.springframework.amqp.rabbit.RabbitListenerEndpointContainer#0-1 SmsReceiver.java:36 com.donghua.srb.sms.receiver.SmsReceiver 18016328021
2022-06-17 17:34:35 [INFO ] org.springframework.amqp.rabbit.RabbitListenerEndpointContainer#0-1 Assert.java:72 com.donghua.common.exception.Assert not equals...............
2022-06-17 17:34:35 [ERROR] org.springframework.amqp.rabbit.RabbitListenerEndpointContainer#0-1 SmsServiceImpl.java:77 com.donghua.srb.sms.service.impl.SmsServiceImpl Exception阿里云短信发送sdk调用失败：null, null
2022-06-17 17:34:36 [INFO ] org.springframework.amqp.rabbit.RabbitListenerEndpointContainer#0-1 SmsReceiver.java:32 com.donghua.srb.sms.receiver.SmsReceiver SmsReceiver 消息监听.....
2022-06-17 17:34:36 [INFO ] org.springframework.amqp.rabbit.RabbitListenerEndpointContainer#0-1 SmsReceiver.java:36 com.donghua.srb.sms.receiver.SmsReceiver 18016328021
2022-06-17 17:34:36 [INFO ] org.springframework.amqp.rabbit.RabbitListenerEndpointContainer#0-1 Assert.java:72 com.donghua.common.exception.Assert not equals...............
2022-06-17 17:34:36 [ERROR] org.springframework.amqp.rabbit.RabbitListenerEndpointContainer#0-1 SmsServiceImpl.java:77 com.donghua.srb.sms.service.impl.SmsServiceImpl Exception阿里云短信发送sdk调用失败：null, null
2022-06-17 17:34:36 [INFO ] org.springframework.amqp.rabbit.RabbitListenerEndpointContainer#0-1 SmsReceiver.java:32 com.donghua.srb.sms.receiver.SmsReceiver SmsReceiver 消息监听.....
2022-06-17 17:34:36 [INFO ] org.springframework.amqp.rabbit.RabbitListenerEndpointContainer#0-1 SmsReceiver.java:36 com.donghua.srb.sms.receiver.SmsReceiver 18016328021
2022-06-17 17:34:36 [INFO ] org.springframework.amqp.rabbit.RabbitListenerEndpointContainer#0-1 Assert.java:72 com.donghua.common.exception.Assert not equals...............
2022-06-17 17:34:36 [ERROR] org.springframework.amqp.rabbit.RabbitListenerEndpointContainer#0-1 SmsServiceImpl.java:77 com.donghua.srb.sms.service.impl.SmsServiceImpl Exception阿里云短信发送sdk调用失败：null, null
2022-06-17 17:34:36 [INFO ] org.springframework.amqp.rabbit.RabbitListenerEndpointContainer#0-1 SmsReceiver.java:32 com.donghua.srb.sms.receiver.SmsReceiver SmsReceiver 消息监听.....
2022-06-17 17:34:36 [INFO ] org.springframework.amqp.rabbit.RabbitListenerEndpointContainer#0-1 SmsReceiver.java:36 com.donghua.srb.sms.receiver.SmsReceiver 18016328021
2022-06-17 17:34:36 [INFO ] org.springframework.amqp.rabbit.RabbitListenerEndpointContainer#0-1 Assert.java:72 com.donghua.common.exception.Assert not equals...............
2022-06-17 17:34:36 [ERROR] org.springframework.amqp.rabbit.RabbitListenerEndpointContainer#0-1 SmsServiceImpl.java:77 com.donghua.srb.sms.service.impl.SmsServiceImpl Exception阿里云短信发送sdk调用失败：null, null
2022-06-17 17:34:36 [INFO ] org.springframework.amqp.rabbit.RabbitListenerEndpointContainer#0-1 SmsReceiver.java:32 com.donghua.srb.sms.receiver.SmsReceiver SmsReceiver 消息监听.....
2022-06-17 17:34:36 [INFO ] org.springframework.amqp.rabbit.RabbitListenerEndpointContainer#0-1 SmsReceiver.java:36 com.donghua.srb.sms.receiver.SmsReceiver 18016328021
2022-06-17 17:34:36 [INFO ] org.springframework.amqp.rabbit.RabbitListenerEndpointContainer#0-1 Assert.java:72 com.donghua.common.exception.Assert not equals...............
2022-06-17 17:34:36 [ERROR] org.springframework.amqp.rabbit.RabbitListenerEndpointContainer#0-1 SmsServiceImpl.java:77 com.donghua.srb.sms.service.impl.SmsServiceImpl Exception阿里云短信发送sdk调用失败：null, null
2022-06-17 17:34:36 [INFO ] org.springframework.amqp.rabbit.RabbitListenerEndpointContainer#0-1 SmsReceiver.java:32 com.donghua.srb.sms.receiver.SmsReceiver SmsReceiver 消息监听.....
2022-06-17 17:34:36 [INFO ] org.springframework.amqp.rabbit.RabbitListenerEndpointContainer#0-1 SmsReceiver.java:36 com.donghua.srb.sms.receiver.SmsReceiver 18016328021
2022-06-17 17:34:36 [INFO ] org.springframework.amqp.rabbit.RabbitListenerEndpointContainer#0-1 Assert.java:72 com.donghua.common.exception.Assert not equals...............
2022-06-17 17:34:36 [ERROR] org.springframework.amqp.rabbit.RabbitListenerEndpointContainer#0-1 SmsServiceImpl.java:77 com.donghua.srb.sms.service.impl.SmsServiceImpl Exception阿里云短信发送sdk调用失败：null, null
2022-06-17 17:34:36 [INFO ] org.springframework.amqp.rabbit.RabbitListenerEndpointContainer#0-1 SmsReceiver.java:32 com.donghua.srb.sms.receiver.SmsReceiver SmsReceiver 消息监听.....
2022-06-17 17:34:36 [INFO ] org.springframework.amqp.rabbit.RabbitListenerEndpointContainer#0-1 SmsReceiver.java:36 com.donghua.srb.sms.receiver.SmsReceiver 18016328021
2022-06-17 17:34:36 [INFO ] org.springframework.amqp.rabbit.RabbitListenerEndpointContainer#0-1 Assert.java:72 com.donghua.common.exception.Assert not equals...............
2022-06-17 17:34:36 [ERROR] org.springframework.amqp.rabbit.RabbitListenerEndpointContainer#0-1 SmsServiceImpl.java:77 com.donghua.srb.sms.service.impl.SmsServiceImpl Exception阿里云短信发送sdk调用失败：null, null
2022-06-17 17:34:36 [INFO ] org.springframework.amqp.rabbit.RabbitListenerEndpointContainer#0-1 SmsReceiver.java:32 com.donghua.srb.sms.receiver.SmsReceiver SmsReceiver 消息监听.....
2022-06-17 17:34:36 [INFO ] org.springframework.amqp.rabbit.RabbitListenerEndpointContainer#0-1 SmsReceiver.java:36 com.donghua.srb.sms.receiver.SmsReceiver 18016328021
2022-06-17 17:34:36 [INFO ] org.springframework.amqp.rabbit.RabbitListenerEndpointContainer#0-1 Assert.java:72 com.donghua.common.exception.Assert not equals...............
2022-06-17 17:34:36 [ERROR] org.springframework.amqp.rabbit.RabbitListenerEndpointContainer#0-1 SmsServiceImpl.java:77 com.donghua.srb.sms.service.impl.SmsServiceImpl Exception阿里云短信发送sdk调用失败：null, null
2022-06-17 17:34:36 [INFO ] org.springframework.amqp.rabbit.RabbitListenerEndpointContainer#0-1 SmsReceiver.java:32 com.donghua.srb.sms.receiver.SmsReceiver SmsReceiver 消息监听.....
2022-06-17 17:34:36 [INFO ] org.springframework.amqp.rabbit.RabbitListenerEndpointContainer#0-1 SmsReceiver.java:36 com.donghua.srb.sms.receiver.SmsReceiver 18016328021
2022-06-17 17:34:36 [INFO ] org.springframework.amqp.rabbit.RabbitListenerEndpointContainer#0-1 Assert.java:72 com.donghua.common.exception.Assert not equals...............
2022-06-17 17:34:36 [ERROR] org.springframework.amqp.rabbit.RabbitListenerEndpointContainer#0-1 SmsServiceImpl.java:77 com.donghua.srb.sms.service.impl.SmsServiceImpl Exception阿里云短信发送sdk调用失败：null, null
2022-06-17 17:34:36 [INFO ] org.springframework.amqp.rabbit.RabbitListenerEndpointContainer#0-1 SmsReceiver.java:32 com.donghua.srb.sms.receiver.SmsReceiver SmsReceiver 消息监听.....
2022-06-17 17:34:36 [INFO ] org.springframework.amqp.rabbit.RabbitListenerEndpointContainer#0-1 SmsReceiver.java:36 com.donghua.srb.sms.receiver.SmsReceiver 18016328021
2022-06-17 17:34:36 [INFO ] org.springframework.amqp.rabbit.RabbitListenerEndpointContainer#0-1 Assert.java:72 com.donghua.common.exception.Assert not equals...............
2022-06-17 17:34:36 [ERROR] org.springframework.amqp.rabbit.RabbitListenerEndpointContainer#0-1 SmsServiceImpl.java:77 com.donghua.srb.sms.service.impl.SmsServiceImpl Exception阿里云短信发送sdk调用失败：null, null
2022-06-17 17:34:36 [INFO ] org.springframework.amqp.rabbit.RabbitListenerEndpointContainer#0-1 SmsReceiver.java:32 com.donghua.srb.sms.receiver.SmsReceiver SmsReceiver 消息监听.....
2022-06-17 17:34:36 [INFO ] org.springframework.amqp.rabbit.RabbitListenerEndpointContainer#0-1 SmsReceiver.java:36 com.donghua.srb.sms.receiver.SmsReceiver 18016328021
2022-06-17 17:34:37 [INFO ] org.springframework.amqp.rabbit.RabbitListenerEndpointContainer#0-1 Assert.java:72 com.donghua.common.exception.Assert not equals...............
2022-06-17 17:34:37 [ERROR] org.springframework.amqp.rabbit.RabbitListenerEndpointContainer#0-1 SmsServiceImpl.java:77 com.donghua.srb.sms.service.impl.SmsServiceImpl Exception阿里云短信发送sdk调用失败：null, null
2022-06-17 17:34:37 [INFO ] org.springframework.amqp.rabbit.RabbitListenerEndpointContainer#0-1 SmsReceiver.java:32 com.donghua.srb.sms.receiver.SmsReceiver SmsReceiver 消息监听.....
2022-06-17 17:34:37 [INFO ] org.springframework.amqp.rabbit.RabbitListenerEndpointContainer#0-1 SmsReceiver.java:36 com.donghua.srb.sms.receiver.SmsReceiver 18016328021
2022-06-17 17:34:37 [INFO ] org.springframework.amqp.rabbit.RabbitListenerEndpointContainer#0-1 Assert.java:72 com.donghua.common.exception.Assert not equals...............
2022-06-17 17:34:37 [ERROR] org.springframework.amqp.rabbit.RabbitListenerEndpointContainer#0-1 SmsServiceImpl.java:77 com.donghua.srb.sms.service.impl.SmsServiceImpl Exception阿里云短信发送sdk调用失败：null, null
2022-06-17 17:34:37 [INFO ] org.springframework.amqp.rabbit.RabbitListenerEndpointContainer#0-1 SmsReceiver.java:32 com.donghua.srb.sms.receiver.SmsReceiver SmsReceiver 消息监听.....
2022-06-17 17:34:37 [INFO ] org.springframework.amqp.rabbit.RabbitListenerEndpointContainer#0-1 SmsReceiver.java:36 com.donghua.srb.sms.receiver.SmsReceiver 18016328021
2022-06-17 17:34:37 [INFO ] org.springframework.amqp.rabbit.RabbitListenerEndpointContainer#0-1 Assert.java:72 com.donghua.common.exception.Assert not equals...............
2022-06-17 17:34:37 [ERROR] org.springframework.amqp.rabbit.RabbitListenerEndpointContainer#0-1 SmsServiceImpl.java:77 com.donghua.srb.sms.service.impl.SmsServiceImpl Exception阿里云短信发送sdk调用失败：null, null
2022-06-17 17:34:37 [INFO ] org.springframework.amqp.rabbit.RabbitListenerEndpointContainer#0-1 SmsReceiver.java:32 com.donghua.srb.sms.receiver.SmsReceiver SmsReceiver 消息监听.....
2022-06-17 17:34:37 [INFO ] org.springframework.amqp.rabbit.RabbitListenerEndpointContainer#0-1 SmsReceiver.java:36 com.donghua.srb.sms.receiver.SmsReceiver 18016328021
2022-06-17 17:34:37 [INFO ] org.springframework.amqp.rabbit.RabbitListenerEndpointContainer#0-1 Assert.java:72 com.donghua.common.exception.Assert not equals...............
2022-06-17 17:34:37 [ERROR] org.springframework.amqp.rabbit.RabbitListenerEndpointContainer#0-1 SmsServiceImpl.java:77 com.donghua.srb.sms.service.impl.SmsServiceImpl Exception阿里云短信发送sdk调用失败：null, null
2022-06-17 17:34:37 [INFO ] org.springframework.amqp.rabbit.RabbitListenerEndpointContainer#0-1 SmsReceiver.java:32 com.donghua.srb.sms.receiver.SmsReceiver SmsReceiver 消息监听.....
2022-06-17 17:34:37 [INFO ] org.springframework.amqp.rabbit.RabbitListenerEndpointContainer#0-1 SmsReceiver.java:36 com.donghua.srb.sms.receiver.SmsReceiver 18016328021
2022-06-17 17:34:37 [INFO ] org.springframework.amqp.rabbit.RabbitListenerEndpointContainer#0-1 Assert.java:72 com.donghua.common.exception.Assert not equals...............
2022-06-17 17:34:37 [ERROR] org.springframework.amqp.rabbit.RabbitListenerEndpointContainer#0-1 SmsServiceImpl.java:77 com.donghua.srb.sms.service.impl.SmsServiceImpl Exception阿里云短信发送sdk调用失败：null, null
2022-06-17 17:34:37 [INFO ] org.springframework.amqp.rabbit.RabbitListenerEndpointContainer#0-1 SmsReceiver.java:32 com.donghua.srb.sms.receiver.SmsReceiver SmsReceiver 消息监听.....
2022-06-17 17:34:37 [INFO ] org.springframework.amqp.rabbit.RabbitListenerEndpointContainer#0-1 SmsReceiver.java:36 com.donghua.srb.sms.receiver.SmsReceiver 18016328021
2022-06-17 17:34:37 [INFO ] org.springframework.amqp.rabbit.RabbitListenerEndpointContainer#0-1 Assert.java:72 com.donghua.common.exception.Assert not equals...............
2022-06-17 17:34:37 [ERROR] org.springframework.amqp.rabbit.RabbitListenerEndpointContainer#0-1 SmsServiceImpl.java:77 com.donghua.srb.sms.service.impl.SmsServiceImpl Exception阿里云短信发送sdk调用失败：null, null
2022-06-17 17:34:37 [INFO ] org.springframework.amqp.rabbit.RabbitListenerEndpointContainer#0-1 SmsReceiver.java:32 com.donghua.srb.sms.receiver.SmsReceiver SmsReceiver 消息监听.....
2022-06-17 17:34:37 [INFO ] org.springframework.amqp.rabbit.RabbitListenerEndpointContainer#0-1 SmsReceiver.java:36 com.donghua.srb.sms.receiver.SmsReceiver 18016328021
2022-06-17 17:34:37 [INFO ] org.springframework.amqp.rabbit.RabbitListenerEndpointContainer#0-1 Assert.java:72 com.donghua.common.exception.Assert not equals...............
2022-06-17 17:34:37 [ERROR] org.springframework.amqp.rabbit.RabbitListenerEndpointContainer#0-1 SmsServiceImpl.java:77 com.donghua.srb.sms.service.impl.SmsServiceImpl Exception阿里云短信发送sdk调用失败：null, null
2022-06-17 17:34:37 [INFO ] org.springframework.amqp.rabbit.RabbitListenerEndpointContainer#0-1 SmsReceiver.java:32 com.donghua.srb.sms.receiver.SmsReceiver SmsReceiver 消息监听.....
2022-06-17 17:34:37 [INFO ] org.springframework.amqp.rabbit.RabbitListenerEndpointContainer#0-1 SmsReceiver.java:36 com.donghua.srb.sms.receiver.SmsReceiver 18016328021
2022-06-17 17:34:37 [INFO ] org.springframework.amqp.rabbit.RabbitListenerEndpointContainer#0-1 Assert.java:72 com.donghua.common.exception.Assert not equals...............
2022-06-17 17:34:37 [ERROR] org.springframework.amqp.rabbit.RabbitListenerEndpointContainer#0-1 SmsServiceImpl.java:77 com.donghua.srb.sms.service.impl.SmsServiceImpl Exception阿里云短信发送sdk调用失败：null, null
2022-06-17 17:34:37 [INFO ] org.springframework.amqp.rabbit.RabbitListenerEndpointContainer#0-1 SmsReceiver.java:32 com.donghua.srb.sms.receiver.SmsReceiver SmsReceiver 消息监听.....
2022-06-17 17:34:37 [INFO ] org.springframework.amqp.rabbit.RabbitListenerEndpointContainer#0-1 SmsReceiver.java:36 com.donghua.srb.sms.receiver.SmsReceiver 18016328021
2022-06-17 17:34:37 [INFO ] org.springframework.amqp.rabbit.RabbitListenerEndpointContainer#0-1 Assert.java:72 com.donghua.common.exception.Assert not equals...............
2022-06-17 17:34:37 [ERROR] org.springframework.amqp.rabbit.RabbitListenerEndpointContainer#0-1 SmsServiceImpl.java:77 com.donghua.srb.sms.service.impl.SmsServiceImpl Exception阿里云短信发送sdk调用失败：null, null
2022-06-17 17:34:37 [INFO ] org.springframework.amqp.rabbit.RabbitListenerEndpointContainer#0-1 SmsReceiver.java:32 com.donghua.srb.sms.receiver.SmsReceiver SmsReceiver 消息监听.....
2022-06-17 17:34:37 [INFO ] org.springframework.amqp.rabbit.RabbitListenerEndpointContainer#0-1 SmsReceiver.java:36 com.donghua.srb.sms.receiver.SmsReceiver 18016328021
2022-06-17 17:34:38 [INFO ] org.springframework.amqp.rabbit.RabbitListenerEndpointContainer#0-1 Assert.java:72 com.donghua.common.exception.Assert not equals...............
2022-06-17 17:34:38 [ERROR] org.springframework.amqp.rabbit.RabbitListenerEndpointContainer#0-1 SmsServiceImpl.java:77 com.donghua.srb.sms.service.impl.SmsServiceImpl Exception阿里云短信发送sdk调用失败：null, null
2022-06-17 17:34:38 [INFO ] org.springframework.amqp.rabbit.RabbitListenerEndpointContainer#0-1 SmsReceiver.java:32 com.donghua.srb.sms.receiver.SmsReceiver SmsReceiver 消息监听.....
2022-06-17 17:34:38 [INFO ] org.springframework.amqp.rabbit.RabbitListenerEndpointContainer#0-1 SmsReceiver.java:36 com.donghua.srb.sms.receiver.SmsReceiver 18016328021
2022-06-17 17:34:38 [INFO ] org.springframework.amqp.rabbit.RabbitListenerEndpointContainer#0-1 Assert.java:72 com.donghua.common.exception.Assert not equals...............
2022-06-17 17:34:38 [ERROR] org.springframework.amqp.rabbit.RabbitListenerEndpointContainer#0-1 SmsServiceImpl.java:77 com.donghua.srb.sms.service.impl.SmsServiceImpl Exception阿里云短信发送sdk调用失败：null, null
2022-06-17 17:35:09 [INFO ] main SpringApplication.java:655 com.donghua.srb.sms.ServiceSmsApplication The following profiles are active: dev
2022-06-17 17:35:17 [INFO ] main StartupInfoLogger.java:61 com.donghua.srb.sms.ServiceSmsApplication Started ServiceSmsApplication in 11.628 seconds (JVM running for 13.673)
2022-06-17 17:35:48 [INFO ] org.springframework.amqp.rabbit.RabbitListenerEndpointContainer#0-1 SmsReceiver.java:32 com.donghua.srb.sms.receiver.SmsReceiver SmsReceiver 消息监听.....
2022-06-17 17:35:48 [INFO ] org.springframework.amqp.rabbit.RabbitListenerEndpointContainer#0-1 SmsReceiver.java:36 com.donghua.srb.sms.receiver.SmsReceiver 18016328020
2022-06-17 17:35:48 [INFO ] org.springframework.amqp.rabbit.RabbitListenerEndpointContainer#0-1 SmsReceiver.java:38 com.donghua.srb.sms.receiver.SmsReceiver 短信发送成功
2022-06-17 17:39:55 [INFO ] main SpringApplication.java:655 com.donghua.srb.sms.ServiceSmsApplication The following profiles are active: dev
2022-06-17 17:40:04 [INFO ] main StartupInfoLogger.java:61 com.donghua.srb.sms.ServiceSmsApplication Started ServiceSmsApplication in 14.209 seconds (JVM running for 16.338)
